<?xml version="1.0" encoding="UTF-8"?>
<!-- Generated by org.testng.reporters.JUnitXMLReporter -->
<testsuite ignored="0" hostname="dra-sb.pok.stglabs.ibm.com" failures="0" tests="84" name="Surefire test" time="1.61" errors="0" timestamp="2025-12-05T06:46:15 EST">
  <testcase classname="com.ibm.cloud.drautomation_sdk.dr_automation_service.v1.model.ManagedVmMapResponseTest" name="testManagedVmMapResponse" time="0.015"/>
  <testcase classname="com.ibm.cloud.drautomation_sdk.dr_automation_service.v1.model.GetSchematicWorkspaceOptionsTest" name="testGetSchematicWorkspaceOptions" time="0.001"/>
  <testcase classname="com.ibm.cloud.drautomation_sdk.dr_automation_service.v1.model.GetSchematicWorkspaceOptionsTest" name="testGetSchematicWorkspaceOptionsError" time="0.001"/>
  <testcase classname="com.ibm.cloud.drautomation_sdk.dr_automation_service.v1.model.CreateManageDrOptionsTest" name="testCreateManageDrOptions" time="0.003"/>
  <testcase classname="com.ibm.cloud.drautomation_sdk.dr_automation_service.v1.model.CreateManageDrOptionsTest" name="testCreateManageDrOptionsError" time="0.001"/>
  <testcase classname="com.ibm.cloud.drautomation_sdk.dr_automation_service.v1.model.GetDrGrsLocationPairOptionsTest" name="testGetDrGrsLocationPairOptions" time="0.001"/>
  <testcase classname="com.ibm.cloud.drautomation_sdk.dr_automation_service.v1.model.GetDrGrsLocationPairOptionsTest" name="testGetDrGrsLocationPairOptionsError" time="0.0"/>
  <testcase classname="com.ibm.cloud.drautomation_sdk.dr_automation_service.v1.model.LocationDrTest" name="testLocationDr" time="0.001"/>
  <testcase classname="com.ibm.cloud.drautomation_sdk.dr_automation_service.v1.model.GetEventOptionsTest" name="testGetEventOptions" time="0.001"/>
  <testcase classname="com.ibm.cloud.drautomation_sdk.dr_automation_service.v1.model.GetEventOptionsTest" name="testGetEventOptionsError" time="0.0"/>
  <testcase classname="com.ibm.cloud.drautomation_sdk.dr_automation_service.v1.model.GetMachineTypeOptionsTest" name="testGetMachineTypeOptions" time="0.002"/>
  <testcase classname="com.ibm.cloud.drautomation_sdk.dr_automation_service.v1.model.GetMachineTypeOptionsTest" name="testGetMachineTypeOptionsError" time="0.001"/>
  <testcase classname="com.ibm.cloud.drautomation_sdk.dr_automation_service.v1.model.ManagedVmDetailsTest" name="testManagedVmDetails" time="0.0"/>
  <testcase classname="com.ibm.cloud.drautomation_sdk.dr_automation_service.v1.model.OrchestratorDetailsTest" name="testOrchestratorDetails" time="0.001"/>
  <testcase classname="com.ibm.cloud.drautomation_sdk.dr_automation_service.v1.model.GetGRSLocationPairResponseTest" name="testGetGRSLocationPairResponse" time="0.001"/>
  <testcase classname="com.ibm.cloud.drautomation_sdk.dr_automation_service.v1.model.DrAutomationGetSummaryResponseTest" name="testDrAutomationGetSummaryResponse" time="0.001"/>
  <testcase classname="com.ibm.cloud.drautomation_sdk.dr_automation_service.v1.model.ServiceInstanceStatusTest" name="testServiceInstanceStatus" time="0.001"/>
  <testcase classname="com.ibm.cloud.drautomation_sdk.dr_automation_service.v1.model.EventUserTest" name="testEventUser" time="0.001"/>
  <testcase classname="com.ibm.cloud.drautomation_sdk.dr_automation_service.v1.model.DrLocationTest" name="testDrLocation" time="0.0"/>
  <testcase classname="com.ibm.cloud.drautomation_sdk.dr_automation_service.v1.model.GetLastOperationOptionsTest" name="testGetLastOperationOptions" time="0.001"/>
  <testcase classname="com.ibm.cloud.drautomation_sdk.dr_automation_service.v1.model.GetLastOperationOptionsTest" name="testGetLastOperationOptionsError" time="0.0"/>
  <testcase classname="com.ibm.cloud.drautomation_sdk.dr_automation_service.v1.model.MachineTypesByWorkspaceTest" name="testMachineTypesByWorkspace" time="0.001"/>
  <testcase classname="com.ibm.cloud.drautomation_sdk.dr_automation_service.v1.model.ServiceInstanceManageDRTest" name="testServiceInstanceManageDR" time="0.0"/>
  <testcase classname="com.ibm.cloud.drautomation_sdk.dr_automation_service.v1.model.DetailsDrTest" name="testDetailsDr" time="0.001"/>
  <testcase classname="com.ibm.cloud.drautomation_sdk.dr_automation_service.v1.model.GetManageDrOptionsTest" name="testGetManageDrOptions" time="0.001"/>
  <testcase classname="com.ibm.cloud.drautomation_sdk.dr_automation_service.v1.model.GetManageDrOptionsTest" name="testGetManageDrOptionsError" time="0.0"/>
  <testcase classname="com.ibm.cloud.drautomation_sdk.dr_automation_service.v1.model.UpdateApikeyOptionsTest" name="testUpdateApikeyOptions" time="0.001"/>
  <testcase classname="com.ibm.cloud.drautomation_sdk.dr_automation_service.v1.model.UpdateApikeyOptionsTest" name="testUpdateApikeyOptionsError" time="0.0"/>
  <testcase classname="com.ibm.cloud.drautomation_sdk.dr_automation_service.v1.model.GetDrLocationsResponseTest" name="testGetDrLocationsResponse" time="0.0"/>
  <testcase classname="com.ibm.cloud.drautomation_sdk.dr_automation_service.v1.model.GetPowervsWorkspacesForCustomVpcOptionsTest" name="testGetPowervsWorkspacesForCustomVpcOptions" time="0.001"/>
  <testcase classname="com.ibm.cloud.drautomation_sdk.dr_automation_service.v1.model.GetPowervsWorkspacesForCustomVpcOptionsTest" name="testGetPowervsWorkspacesForCustomVpcOptionsError" time="0.0"/>
  <testcase classname="com.ibm.cloud.drautomation_sdk.dr_automation_service.v1.model.DrDataTest" name="testDrData" time="0.001"/>
  <testcase classname="com.ibm.cloud.drautomation_sdk.dr_automation_service.v1.model.GetPvsworkspaceSchematicOptionsTest" name="testGetPvsworkspaceSchematicOptions" time="0.001"/>
  <testcase classname="com.ibm.cloud.drautomation_sdk.dr_automation_service.v1.model.GetPvsworkspaceSchematicOptionsTest" name="testGetPvsworkspaceSchematicOptionsError" time="0.0"/>
  <testcase classname="com.ibm.cloud.drautomation_sdk.dr_automation_service.v1.model.DRStandbyWorkspaceTest" name="testDRStandbyWorkspace" time="0.0"/>
  <testcase classname="com.ibm.cloud.drautomation_sdk.dr_automation_service.v1.model.GetPowervsWorkspacesOptionsTest" name="testGetPowervsWorkspacesOptions" time="0.001"/>
  <testcase classname="com.ibm.cloud.drautomation_sdk.dr_automation_service.v1.model.GetPowervsWorkspacesOptionsTest" name="testGetPowervsWorkspacesOptionsError" time="0.0"/>
  <testcase classname="com.ibm.cloud.drautomation_sdk.dr_automation_service.v1.model.ValidationKeyResponseTest" name="testValidationKeyResponse" time="0.0"/>
  <testcase classname="com.ibm.cloud.drautomation_sdk.dr_automation_service.v1.model.GetDrManagedVmOptionsTest" name="testGetDrManagedVmOptions" time="0.001"/>
  <testcase classname="com.ibm.cloud.drautomation_sdk.dr_automation_service.v1.model.GetDrManagedVmOptionsTest" name="testGetDrManagedVmOptionsError" time="0.0"/>
  <testcase classname="com.ibm.cloud.drautomation_sdk.dr_automation_service.v1.model.GetDrLocationsOptionsTest" name="testGetDrLocationsOptions" time="0.001"/>
  <testcase classname="com.ibm.cloud.drautomation_sdk.dr_automation_service.v1.model.GetDrLocationsOptionsTest" name="testGetDrLocationsOptionsError" time="0.001"/>
  <testcase classname="com.ibm.cloud.drautomation_sdk.dr_automation_service.v1.model.DRWorkspaceTest" name="testDRWorkspace" time="0.001"/>
  <testcase classname="com.ibm.cloud.drautomation_sdk.dr_automation_service.v1.model.GetDrSummaryOptionsTest" name="testGetDrSummaryOptions" time="0.001"/>
  <testcase classname="com.ibm.cloud.drautomation_sdk.dr_automation_service.v1.model.GetDrSummaryOptionsTest" name="testGetDrSummaryOptionsError" time="0.0"/>
  <testcase classname="com.ibm.cloud.drautomation_sdk.dr_automation_service.v1.model.EventCollectionTest" name="testEventCollection" time="0.001"/>
  <testcase classname="com.ibm.cloud.drautomation_sdk.dr_automation_service.v1.model.EventTest" name="testEvent" time="0.001"/>
  <testcase classname="com.ibm.cloud.drautomation_sdk.dr_automation_service.v1.model.ServiceDetailsTest" name="testServiceDetails" time="0.0"/>
  <testcase classname="com.ibm.cloud.drautomation_sdk.dr_automation_service.v1.model.ListEventsOptionsTest" name="testListEventsOptions" time="0.001"/>
  <testcase classname="com.ibm.cloud.drautomation_sdk.dr_automation_service.v1.model.ListEventsOptionsTest" name="testListEventsOptionsError" time="0.0"/>
  <testcase classname="com.ibm.cloud.drautomation_sdk.dr_automation_service.v1.DrAutomationServiceTest" name="testConstructorWithNullAuthenticator" time="0.0"/>
  <testcase classname="com.ibm.cloud.drautomation_sdk.dr_automation_service.v1.DrAutomationServiceTest" name="testCreateManageDrNoOptions" time="0.001"/>
  <testcase classname="com.ibm.cloud.drautomation_sdk.dr_automation_service.v1.DrAutomationServiceTest" name="testCreateManageDrWOptions" time="0.223"/>
  <testcase classname="com.ibm.cloud.drautomation_sdk.dr_automation_service.v1.DrAutomationServiceTest" name="testCreateManageDrWRetries" time="0.052"/>
  <testcase classname="com.ibm.cloud.drautomation_sdk.dr_automation_service.v1.DrAutomationServiceTest" name="testGetDrGrsLocationPairNoOptions" time="0.0"/>
  <testcase classname="com.ibm.cloud.drautomation_sdk.dr_automation_service.v1.DrAutomationServiceTest" name="testGetDrGrsLocationPairWOptions" time="0.008"/>
  <testcase classname="com.ibm.cloud.drautomation_sdk.dr_automation_service.v1.DrAutomationServiceTest" name="testGetDrGrsLocationPairWRetries" time="0.049"/>
  <testcase classname="com.ibm.cloud.drautomation_sdk.dr_automation_service.v1.DrAutomationServiceTest" name="testGetDrLocationsNoOptions" time="0.0"/>
  <testcase classname="com.ibm.cloud.drautomation_sdk.dr_automation_service.v1.DrAutomationServiceTest" name="testGetDrLocationsWOptions" time="0.007"/>
  <testcase classname="com.ibm.cloud.drautomation_sdk.dr_automation_service.v1.DrAutomationServiceTest" name="testGetDrLocationsWRetries" time="0.047"/>
  <testcase classname="com.ibm.cloud.drautomation_sdk.dr_automation_service.v1.DrAutomationServiceTest" name="testGetDrManagedVmNoOptions" time="0.0"/>
  <testcase classname="com.ibm.cloud.drautomation_sdk.dr_automation_service.v1.DrAutomationServiceTest" name="testGetDrManagedVmWOptions" time="0.005"/>
  <testcase classname="com.ibm.cloud.drautomation_sdk.dr_automation_service.v1.DrAutomationServiceTest" name="testGetDrManagedVmWRetries" time="0.045"/>
  <testcase classname="com.ibm.cloud.drautomation_sdk.dr_automation_service.v1.DrAutomationServiceTest" name="testGetDrSummaryNoOptions" time="0.001"/>
  <testcase classname="com.ibm.cloud.drautomation_sdk.dr_automation_service.v1.DrAutomationServiceTest" name="testGetDrSummaryWOptions" time="0.018"/>
  <testcase classname="com.ibm.cloud.drautomation_sdk.dr_automation_service.v1.DrAutomationServiceTest" name="testGetDrSummaryWRetries" time="0.047"/>
  <testcase classname="com.ibm.cloud.drautomation_sdk.dr_automation_service.v1.DrAutomationServiceTest" name="testGetEventNoOptions" time="0.0"/>
  <testcase classname="com.ibm.cloud.drautomation_sdk.dr_automation_service.v1.DrAutomationServiceTest" name="testGetEventWOptions" time="0.006"/>
  <testcase classname="com.ibm.cloud.drautomation_sdk.dr_automation_service.v1.DrAutomationServiceTest" name="testGetEventWRetries" time="0.047"/>
  <testcase classname="com.ibm.cloud.drautomation_sdk.dr_automation_service.v1.DrAutomationServiceTest" name="testGetLastOperationNoOptions" time="0.0"/>
  <testcase classname="com.ibm.cloud.drautomation_sdk.dr_automation_service.v1.DrAutomationServiceTest" name="testGetLastOperationWOptions" time="0.006"/>
  <testcase classname="com.ibm.cloud.drautomation_sdk.dr_automation_service.v1.DrAutomationServiceTest" name="testGetLastOperationWRetries" time="0.048"/>
  <testcase classname="com.ibm.cloud.drautomation_sdk.dr_automation_service.v1.DrAutomationServiceTest" name="testGetMachineTypeNoOptions" time="0.001"/>
  <testcase classname="com.ibm.cloud.drautomation_sdk.dr_automation_service.v1.DrAutomationServiceTest" name="testGetMachineTypeWOptions" time="0.005"/>
  <testcase classname="com.ibm.cloud.drautomation_sdk.dr_automation_service.v1.DrAutomationServiceTest" name="testGetMachineTypeWRetries" time="0.046"/>
  <testcase classname="com.ibm.cloud.drautomation_sdk.dr_automation_service.v1.DrAutomationServiceTest" name="testGetPowervsWorkspacesNoOptions" time="0.001"/>
  <testcase classname="com.ibm.cloud.drautomation_sdk.dr_automation_service.v1.DrAutomationServiceTest" name="testGetPowervsWorkspacesWOptions" time="0.006"/>
  <testcase classname="com.ibm.cloud.drautomation_sdk.dr_automation_service.v1.DrAutomationServiceTest" name="testGetPowervsWorkspacesWRetries" time="0.044"/>
  <testcase classname="com.ibm.cloud.drautomation_sdk.dr_automation_service.v1.DrAutomationServiceTest" name="testListEventsNoOptions" time="0.0"/>
  <testcase classname="com.ibm.cloud.drautomation_sdk.dr_automation_service.v1.DrAutomationServiceTest" name="testListEventsWOptions" time="0.005"/>
  <testcase classname="com.ibm.cloud.drautomation_sdk.dr_automation_service.v1.DrAutomationServiceTest" name="testListEventsWRetries" time="0.047"/>
  <testcase classname="com.ibm.cloud.drautomation_sdk.dr_automation_service.v1.DrAutomationServiceTest" name="testUpdateApikeyNoOptions" time="0.0"/>
  <testcase classname="com.ibm.cloud.drautomation_sdk.dr_automation_service.v1.DrAutomationServiceTest" name="testUpdateApikeyWOptions" time="0.004"/>
  <testcase classname="com.ibm.cloud.drautomation_sdk.dr_automation_service.v1.DrAutomationServiceTest" name="testUpdateApikeyWRetries" time="0.045"/>
</testsuite> <!-- Surefire test -->
