<?xml version="1.0" encoding="UTF-8"?>
<testsuite xmlns:xsi="http://www.w3.org/2001/XMLSchema-instance" xsi:noNamespaceSchemaLocation="https://maven.apache.org/surefire/maven-failsafe-plugin/xsd/failsafe-test-report-3.0.xsd" version="3.0" name="com.ibm.cloud.drautomation_sdk.dr_automation_service.v1.DrAutomationServiceIT" time="0.83" tests="13" errors="0" skipped="13" failures="0">
  <properties>
[...]
</properties>
  <testcase name="shouldSkipTest" classname="com.ibm.cloud.drautomation_sdk.dr_automation_service.v1.DrAutomationServiceIT" time="0.0">
    <skipped message="Skipping test..."/>
    <system-out><![CDATA[>>> Configuration file /home/manip/rajan_sdks/dra-java-sdk/dr_automation_service_v1.env not found, skipping tests.
]]></system-out>
  </testcase>
  <testcase name="testUpdateApikey" classname="com.ibm.cloud.drautomation_sdk.dr_automation_service.v1.DrAutomationServiceIT" time="0.0">
    <skipped message="Skipping test..."/>
  </testcase>
  <testcase name="testGetDrGrsLocationPair" classname="com.ibm.cloud.drautomation_sdk.dr_automation_service.v1.DrAutomationServiceIT" time="0.0">
    <skipped message="Method com.ibm.cloud.drautomation_sdk.dr_automation_service.v1.DrAutomationServiceIT.testGetDrGrsLocationPair() on instance com.ibm.cloud.drautomation_sdk.dr_automation_service.v1.DrAutomationServiceIT@41dd05a depends on not successfully finished methods &#10;[com.ibm.cloud.drautomation_sdk.dr_automation_service.v1.DrAutomationServiceIT.testUpdateApikey() on instance com.ibm.cloud.drautomation_sdk.dr_automation_service.v1.DrAutomationServiceIT@41dd05a]"/>
  </testcase>
  <testcase name="testGetDrLocations" classname="com.ibm.cloud.drautomation_sdk.dr_automation_service.v1.DrAutomationServiceIT" time="0.0">
    <skipped message="Method com.ibm.cloud.drautomation_sdk.dr_automation_service.v1.DrAutomationServiceIT.testGetDrLocations() on instance com.ibm.cloud.drautomation_sdk.dr_automation_service.v1.DrAutomationServiceIT@41dd05a depends on not successfully finished methods &#10;[com.ibm.cloud.drautomation_sdk.dr_automation_service.v1.DrAutomationServiceIT.testGetDrGrsLocationPair() on instance com.ibm.cloud.drautomation_sdk.dr_automation_service.v1.DrAutomationServiceIT@41dd05a]"/>
  </testcase>
  <testcase name="testGetDrManagedVm" classname="com.ibm.cloud.drautomation_sdk.dr_automation_service.v1.DrAutomationServiceIT" time="0.0">
    <skipped message="Method com.ibm.cloud.drautomation_sdk.dr_automation_service.v1.DrAutomationServiceIT.testGetDrManagedVm() on instance com.ibm.cloud.drautomation_sdk.dr_automation_service.v1.DrAutomationServiceIT@41dd05a depends on not successfully finished methods &#10;[com.ibm.cloud.drautomation_sdk.dr_automation_service.v1.DrAutomationServiceIT.testGetDrLocations() on instance com.ibm.cloud.drautomation_sdk.dr_automation_service.v1.DrAutomationServiceIT@41dd05a]"/>
  </testcase>
  <testcase name="testGetDrSummary" classname="com.ibm.cloud.drautomation_sdk.dr_automation_service.v1.DrAutomationServiceIT" time="0.0">
    <skipped message="Method com.ibm.cloud.drautomation_sdk.dr_automation_service.v1.DrAutomationServiceIT.testGetDrSummary() on instance com.ibm.cloud.drautomation_sdk.dr_automation_service.v1.DrAutomationServiceIT@41dd05a depends on not successfully finished methods &#10;[com.ibm.cloud.drautomation_sdk.dr_automation_service.v1.DrAutomationServiceIT.testGetDrManagedVm() on instance com.ibm.cloud.drautomation_sdk.dr_automation_service.v1.DrAutomationServiceIT@41dd05a]"/>
  </testcase>
  <testcase name="testGetMachineType" classname="com.ibm.cloud.drautomation_sdk.dr_automation_service.v1.DrAutomationServiceIT" time="0.0">
    <skipped message="Method com.ibm.cloud.drautomation_sdk.dr_automation_service.v1.DrAutomationServiceIT.testGetMachineType() on instance com.ibm.cloud.drautomation_sdk.dr_automation_service.v1.DrAutomationServiceIT@41dd05a depends on not successfully finished methods &#10;[com.ibm.cloud.drautomation_sdk.dr_automation_service.v1.DrAutomationServiceIT.testGetDrSummary() on instance com.ibm.cloud.drautomation_sdk.dr_automation_service.v1.DrAutomationServiceIT@41dd05a]"/>
  </testcase>
  <testcase name="testGetPowervsWorkspaces" classname="com.ibm.cloud.drautomation_sdk.dr_automation_service.v1.DrAutomationServiceIT" time="0.0">
    <skipped message="Method com.ibm.cloud.drautomation_sdk.dr_automation_service.v1.DrAutomationServiceIT.testGetPowervsWorkspaces() on instance com.ibm.cloud.drautomation_sdk.dr_automation_service.v1.DrAutomationServiceIT@41dd05a depends on not successfully finished methods &#10;[com.ibm.cloud.drautomation_sdk.dr_automation_service.v1.DrAutomationServiceIT.testGetMachineType() on instance com.ibm.cloud.drautomation_sdk.dr_automation_service.v1.DrAutomationServiceIT@41dd05a]"/>
  </testcase>
  <testcase name="testCreateManageDr" classname="com.ibm.cloud.drautomation_sdk.dr_automation_service.v1.DrAutomationServiceIT" time="0.0">
    <skipped message="Method com.ibm.cloud.drautomation_sdk.dr_automation_service.v1.DrAutomationServiceIT.testCreateManageDr() on instance com.ibm.cloud.drautomation_sdk.dr_automation_service.v1.DrAutomationServiceIT@41dd05a depends on not successfully finished methods &#10;[com.ibm.cloud.drautomation_sdk.dr_automation_service.v1.DrAutomationServiceIT.testGetPowervsWorkspaces() on instance com.ibm.cloud.drautomation_sdk.dr_automation_service.v1.DrAutomationServiceIT@41dd05a]"/>
  </testcase>
  <testcase name="testGetLastOperation" classname="com.ibm.cloud.drautomation_sdk.dr_automation_service.v1.DrAutomationServiceIT" time="0.0">
    <skipped message="Method com.ibm.cloud.drautomation_sdk.dr_automation_service.v1.DrAutomationServiceIT.testGetLastOperation() on instance com.ibm.cloud.drautomation_sdk.dr_automation_service.v1.DrAutomationServiceIT@41dd05a depends on not successfully finished methods &#10;[com.ibm.cloud.drautomation_sdk.dr_automation_service.v1.DrAutomationServiceIT.testCreateManageDr() on instance com.ibm.cloud.drautomation_sdk.dr_automation_service.v1.DrAutomationServiceIT@41dd05a]"/>
  </testcase>
  <testcase name="testListEvents" classname="com.ibm.cloud.drautomation_sdk.dr_automation_service.v1.DrAutomationServiceIT" time="0.0">
    <skipped message="Method com.ibm.cloud.drautomation_sdk.dr_automation_service.v1.DrAutomationServiceIT.testListEvents() on instance com.ibm.cloud.drautomation_sdk.dr_automation_service.v1.DrAutomationServiceIT@41dd05a depends on not successfully finished methods &#10;[com.ibm.cloud.drautomation_sdk.dr_automation_service.v1.DrAutomationServiceIT.testGetLastOperation() on instance com.ibm.cloud.drautomation_sdk.dr_automation_service.v1.DrAutomationServiceIT@41dd05a]"/>
  </testcase>
  <testcase name="testGetEvent" classname="com.ibm.cloud.drautomation_sdk.dr_automation_service.v1.DrAutomationServiceIT" time="0.0">
    <skipped message="Method com.ibm.cloud.drautomation_sdk.dr_automation_service.v1.DrAutomationServiceIT.testGetEvent() on instance com.ibm.cloud.drautomation_sdk.dr_automation_service.v1.DrAutomationServiceIT@41dd05a depends on not successfully finished methods &#10;[com.ibm.cloud.drautomation_sdk.dr_automation_service.v1.DrAutomationServiceIT.testListEvents() on instance com.ibm.cloud.drautomation_sdk.dr_automation_service.v1.DrAutomationServiceIT@41dd05a]"/>
  </testcase>
  <testcase name="tearDown" classname="com.ibm.cloud.drautomation_sdk.dr_automation_service.v1.DrAutomationServiceIT" time="0.0">
    <skipped/>
  </testcase>
</testsuite>