<?xml version="1.0" encoding="UTF-8"?>
<testng-results ignored="0" total="11" passed="0" failed="0" skipped="11">
  <reporter-output>
  </reporter-output>
  <suite started-at="2025-12-05T06:46:22 EST" name="Surefire suite" finished-at="2025-12-05T06:46:22 EST" duration-ms="95">
    <groups>
    </groups>
    <test started-at="2025-12-05T06:46:22 EST" name="Surefire test" finished-at="2025-12-05T06:46:22 EST" duration-ms="95">
      <class name="com.ibm.cloud.drautomation_sdk.dr_automation_service.v1.DrAutomationServiceIT">
        <test-method is-config="true" signature="setUpConfig()[pri:0, instance:com.ibm.cloud.drautomation_sdk.dr_automation_service.v1.DrAutomationServiceIT@41dd05a]" started-at="2025-12-05T06:46:22 EST" name="setUpConfig" finished-at="2025-12-05T06:46:22 EST" duration-ms="18" status="PASS">
          <reporter-output>
          </reporter-output>
        </test-method> <!-- setUpConfig -->
        <test-method is-config="true" signature="constructService()[pri:0, instance:com.ibm.cloud.drautomation_sdk.dr_automation_service.v1.DrAutomationServiceIT@41dd05a]" started-at="2025-12-05T06:46:22 EST" name="constructService" finished-at="2025-12-05T06:46:22 EST" duration-ms="0" status="PASS">
          <reporter-output>
          </reporter-output>
        </test-method> <!-- constructService -->
        <test-method is-config="true" signature="shouldSkipTest()[pri:0, instance:com.ibm.cloud.drautomation_sdk.dr_automation_service.v1.DrAutomationServiceIT@41dd05a]" started-at="2025-12-05T06:46:22 EST" name="shouldSkipTest" finished-at="2025-12-05T06:46:22 EST" duration-ms="0" status="SKIP">
          <exception class="org.testng.SkipException">
            <message>
              <![CDATA[Skipping test...]]>
            </message>
            <full-stacktrace>
              <![CDATA[org.testng.SkipException: Skipping test...
at com.ibm.cloud.drautomation_sdk.test.SdkIntegrationTestBase.shouldSkipTest(SdkIntegrationTestBase.java:79)
at java.base/jdk.internal.reflect.NativeMethodAccessorImpl.invoke0(Native Method)
at java.base/jdk.internal.reflect.NativeMethodAccessorImpl.invoke(NativeMethodAccessorImpl.java:77)
at java.base/jdk.internal.reflect.DelegatingMethodAccessorImpl.invoke(DelegatingMethodAccessorImpl.java:43)
at java.base/java.lang.reflect.Method.invoke(Method.java:569)
at org.testng.internal.invokers.MethodInvocationHelper.invokeMethod(MethodInvocationHelper.java:141)
at org.testng.internal.invokers.MethodInvocationHelper.invokeMethodConsideringTimeout(MethodInvocationHelper.java:71)
at org.testng.internal.invokers.ConfigInvoker.invokeConfigurationMethod(ConfigInvoker.java:400)
at org.testng.internal.invokers.ConfigInvoker.invokeConfigurations(ConfigInvoker.java:333)
at org.testng.internal.invokers.TestInvoker.runConfigMethods(TestInvoker.java:836)
at org.testng.internal.invokers.TestInvoker.invokeMethod(TestInvoker.java:601)
at org.testng.internal.invokers.TestInvoker.invokeTestMethod(TestInvoker.java:230)
at org.testng.internal.invokers.MethodRunner.runInSequence(MethodRunner.java:63)
at org.testng.internal.invokers.TestInvoker$MethodInvocationAgent.invoke(TestInvoker.java:995)
at org.testng.internal.invokers.TestInvoker.invokeTestMethods(TestInvoker.java:203)
at org.testng.internal.invokers.TestMethodWorker.invokeTestMethods(TestMethodWorker.java:154)
at org.testng.internal.invokers.TestMethodWorker.run(TestMethodWorker.java:134)
at java.base/java.util.ArrayList.forEach(ArrayList.java:1511)
at org.testng.TestRunner.privateRun(TestRunner.java:741)
at org.testng.TestRunner.run(TestRunner.java:616)
at org.testng.SuiteRunner.runTest(SuiteRunner.java:421)
at org.testng.SuiteRunner.runSequentially(SuiteRunner.java:413)
at org.testng.SuiteRunner.privateRun(SuiteRunner.java:373)
at org.testng.SuiteRunner.run(SuiteRunner.java:312)
at org.testng.SuiteRunnerWorker.runSuite(SuiteRunnerWorker.java:52)
at org.testng.SuiteRunnerWorker.run(SuiteRunnerWorker.java:95)
at org.testng.TestNG.runSuitesSequentially(TestNG.java:1274)
at org.testng.TestNG.runSuitesLocally(TestNG.java:1208)
at org.testng.TestNG.runSuites(TestNG.java:1112)
at org.testng.TestNG.run(TestNG.java:1079)
at org.apache.maven.surefire.testng.TestNGExecutor.run(TestNGExecutor.java:155)
at org.apache.maven.surefire.testng.TestNGDirectoryTestSuite.executeSingleClass(TestNGDirectoryTestSuite.java:102)
at org.apache.maven.surefire.testng.TestNGDirectoryTestSuite.execute(TestNGDirectoryTestSuite.java:91)
at org.apache.maven.surefire.testng.TestNGProvider.invoke(TestNGProvider.java:137)
at org.apache.maven.surefire.booter.ForkedBooter.runSuitesInProcess(ForkedBooter.java:385)
at org.apache.maven.surefire.booter.ForkedBooter.execute(ForkedBooter.java:162)
at org.apache.maven.surefire.booter.ForkedBooter.run(ForkedBooter.java:507)
at org.apache.maven.surefire.booter.ForkedBooter.main(ForkedBooter.java:495)
]]>
            </full-stacktrace>
          </exception> <!-- org.testng.SkipException -->
          <reporter-output>
          </reporter-output>
        </test-method> <!-- shouldSkipTest -->
        <test-method signature="testUpdateApikey()[pri:0, instance:com.ibm.cloud.drautomation_sdk.dr_automation_service.v1.DrAutomationServiceIT@41dd05a]" started-at="2025-12-05T06:46:22 EST" name="testUpdateApikey" finished-at="2025-12-05T06:46:22 EST" duration-ms="0" status="SKIP">
          <exception class="org.testng.SkipException">
            <message>
              <![CDATA[Skipping test...]]>
            </message>
            <full-stacktrace>
              <![CDATA[org.testng.SkipException: Skipping test...
at com.ibm.cloud.drautomation_sdk.test.SdkIntegrationTestBase.shouldSkipTest(SdkIntegrationTestBase.java:79)
at java.base/jdk.internal.reflect.NativeMethodAccessorImpl.invoke0(Native Method)
at java.base/jdk.internal.reflect.NativeMethodAccessorImpl.invoke(NativeMethodAccessorImpl.java:77)
at java.base/jdk.internal.reflect.DelegatingMethodAccessorImpl.invoke(DelegatingMethodAccessorImpl.java:43)
at java.base/java.lang.reflect.Method.invoke(Method.java:569)
at org.testng.internal.invokers.MethodInvocationHelper.invokeMethod(MethodInvocationHelper.java:141)
at org.testng.internal.invokers.MethodInvocationHelper.invokeMethodConsideringTimeout(MethodInvocationHelper.java:71)
at org.testng.internal.invokers.ConfigInvoker.invokeConfigurationMethod(ConfigInvoker.java:400)
at org.testng.internal.invokers.ConfigInvoker.invokeConfigurations(ConfigInvoker.java:333)
at org.testng.internal.invokers.TestInvoker.runConfigMethods(TestInvoker.java:836)
at org.testng.internal.invokers.TestInvoker.invokeMethod(TestInvoker.java:601)
at org.testng.internal.invokers.TestInvoker.invokeTestMethod(TestInvoker.java:230)
at org.testng.internal.invokers.MethodRunner.runInSequence(MethodRunner.java:63)
at org.testng.internal.invokers.TestInvoker$MethodInvocationAgent.invoke(TestInvoker.java:995)
at org.testng.internal.invokers.TestInvoker.invokeTestMethods(TestInvoker.java:203)
at org.testng.internal.invokers.TestMethodWorker.invokeTestMethods(TestMethodWorker.java:154)
at org.testng.internal.invokers.TestMethodWorker.run(TestMethodWorker.java:134)
at java.base/java.util.ArrayList.forEach(ArrayList.java:1511)
at org.testng.TestRunner.privateRun(TestRunner.java:741)
at org.testng.TestRunner.run(TestRunner.java:616)
at org.testng.SuiteRunner.runTest(SuiteRunner.java:421)
at org.testng.SuiteRunner.runSequentially(SuiteRunner.java:413)
at org.testng.SuiteRunner.privateRun(SuiteRunner.java:373)
at org.testng.SuiteRunner.run(SuiteRunner.java:312)
at org.testng.SuiteRunnerWorker.runSuite(SuiteRunnerWorker.java:52)
at org.testng.SuiteRunnerWorker.run(SuiteRunnerWorker.java:95)
at org.testng.TestNG.runSuitesSequentially(TestNG.java:1274)
at org.testng.TestNG.runSuitesLocally(TestNG.java:1208)
at org.testng.TestNG.runSuites(TestNG.java:1112)
at org.testng.TestNG.run(TestNG.java:1079)
at org.apache.maven.surefire.testng.TestNGExecutor.run(TestNGExecutor.java:155)
at org.apache.maven.surefire.testng.TestNGDirectoryTestSuite.executeSingleClass(TestNGDirectoryTestSuite.java:102)
at org.apache.maven.surefire.testng.TestNGDirectoryTestSuite.execute(TestNGDirectoryTestSuite.java:91)
at org.apache.maven.surefire.testng.TestNGProvider.invoke(TestNGProvider.java:137)
at org.apache.maven.surefire.booter.ForkedBooter.runSuitesInProcess(ForkedBooter.java:385)
at org.apache.maven.surefire.booter.ForkedBooter.execute(ForkedBooter.java:162)
at org.apache.maven.surefire.booter.ForkedBooter.run(ForkedBooter.java:507)
at org.apache.maven.surefire.booter.ForkedBooter.main(ForkedBooter.java:495)
]]>
            </full-stacktrace>
          </exception> <!-- org.testng.SkipException -->
          <reporter-output>
          </reporter-output>
        </test-method> <!-- testUpdateApikey -->
        <test-method signature="testGetDrGrsLocationPair()[pri:0, instance:com.ibm.cloud.drautomation_sdk.dr_automation_service.v1.DrAutomationServiceIT@41dd05a]" started-at="2025-12-05T06:46:22 EST" name="testGetDrGrsLocationPair" finished-at="2025-12-05T06:46:22 EST" depends-on-methods="com.ibm.cloud.drautomation_sdk.dr_automation_service.v1.DrAutomationServiceIT.testUpdateApikey" duration-ms="1" status="SKIP">
          <exception class="java.lang.Throwable">
            <message>
              <![CDATA[Method com.ibm.cloud.drautomation_sdk.dr_automation_service.v1.DrAutomationServiceIT.testGetDrGrsLocationPair() on instance com.ibm.cloud.drautomation_sdk.dr_automation_service.v1.DrAutomationServiceIT@41dd05a depends on not successfully finished methods 
[com.ibm.cloud.drautomation_sdk.dr_automation_service.v1.DrAutomationServiceIT.testUpdateApikey() on instance com.ibm.cloud.drautomation_sdk.dr_automation_service.v1.DrAutomationServiceIT@41dd05a]]]>
            </message>
            <full-stacktrace>
              <![CDATA[java.lang.Throwable: Method com.ibm.cloud.drautomation_sdk.dr_automation_service.v1.DrAutomationServiceIT.testGetDrGrsLocationPair() on instance com.ibm.cloud.drautomation_sdk.dr_automation_service.v1.DrAutomationServiceIT@41dd05a depends on not successfully finished methods 
[com.ibm.cloud.drautomation_sdk.dr_automation_service.v1.DrAutomationServiceIT.testUpdateApikey() on instance com.ibm.cloud.drautomation_sdk.dr_automation_service.v1.DrAutomationServiceIT@41dd05a]
at org.testng.internal.invokers.TestInvoker.invokeTestMethods(TestInvoker.java:159)
at org.testng.internal.invokers.TestMethodWorker.invokeTestMethods(TestMethodWorker.java:154)
at org.testng.internal.invokers.TestMethodWorker.run(TestMethodWorker.java:134)
at java.base/java.util.ArrayList.forEach(ArrayList.java:1511)
at org.testng.TestRunner.privateRun(TestRunner.java:741)
at org.testng.TestRunner.run(TestRunner.java:616)
at org.testng.SuiteRunner.runTest(SuiteRunner.java:421)
at org.testng.SuiteRunner.runSequentially(SuiteRunner.java:413)
at org.testng.SuiteRunner.privateRun(SuiteRunner.java:373)
at org.testng.SuiteRunner.run(SuiteRunner.java:312)
at org.testng.SuiteRunnerWorker.runSuite(SuiteRunnerWorker.java:52)
at org.testng.SuiteRunnerWorker.run(SuiteRunnerWorker.java:95)
at org.testng.TestNG.runSuitesSequentially(TestNG.java:1274)
at org.testng.TestNG.runSuitesLocally(TestNG.java:1208)
at org.testng.TestNG.runSuites(TestNG.java:1112)
at org.testng.TestNG.run(TestNG.java:1079)
at org.apache.maven.surefire.testng.TestNGExecutor.run(TestNGExecutor.java:155)
at org.apache.maven.surefire.testng.TestNGDirectoryTestSuite.executeSingleClass(TestNGDirectoryTestSuite.java:102)
at org.apache.maven.surefire.testng.TestNGDirectoryTestSuite.execute(TestNGDirectoryTestSuite.java:91)
at org.apache.maven.surefire.testng.TestNGProvider.invoke(TestNGProvider.java:137)
at org.apache.maven.surefire.booter.ForkedBooter.runSuitesInProcess(ForkedBooter.java:385)
at org.apache.maven.surefire.booter.ForkedBooter.execute(ForkedBooter.java:162)
at org.apache.maven.surefire.booter.ForkedBooter.run(ForkedBooter.java:507)
at org.apache.maven.surefire.booter.ForkedBooter.main(ForkedBooter.java:495)
]]>
            </full-stacktrace>
          </exception> <!-- java.lang.Throwable -->
          <reporter-output>
          </reporter-output>
        </test-method> <!-- testGetDrGrsLocationPair -->
        <test-method signature="testGetDrLocations()[pri:0, instance:com.ibm.cloud.drautomation_sdk.dr_automation_service.v1.DrAutomationServiceIT@41dd05a]" started-at="2025-12-05T06:46:22 EST" name="testGetDrLocations" finished-at="2025-12-05T06:46:22 EST" depends-on-methods="com.ibm.cloud.drautomation_sdk.dr_automation_service.v1.DrAutomationServiceIT.testGetDrGrsLocationPair" duration-ms="0" status="SKIP">
          <exception class="java.lang.Throwable">
            <message>
              <![CDATA[Method com.ibm.cloud.drautomation_sdk.dr_automation_service.v1.DrAutomationServiceIT.testGetDrLocations() on instance com.ibm.cloud.drautomation_sdk.dr_automation_service.v1.DrAutomationServiceIT@41dd05a depends on not successfully finished methods 
[com.ibm.cloud.drautomation_sdk.dr_automation_service.v1.DrAutomationServiceIT.testGetDrGrsLocationPair() on instance com.ibm.cloud.drautomation_sdk.dr_automation_service.v1.DrAutomationServiceIT@41dd05a]]]>
            </message>
            <full-stacktrace>
              <![CDATA[java.lang.Throwable: Method com.ibm.cloud.drautomation_sdk.dr_automation_service.v1.DrAutomationServiceIT.testGetDrLocations() on instance com.ibm.cloud.drautomation_sdk.dr_automation_service.v1.DrAutomationServiceIT@41dd05a depends on not successfully finished methods 
[com.ibm.cloud.drautomation_sdk.dr_automation_service.v1.DrAutomationServiceIT.testGetDrGrsLocationPair() on instance com.ibm.cloud.drautomation_sdk.dr_automation_service.v1.DrAutomationServiceIT@41dd05a]
at org.testng.internal.invokers.TestInvoker.invokeTestMethods(TestInvoker.java:159)
at org.testng.internal.invokers.TestMethodWorker.invokeTestMethods(TestMethodWorker.java:154)
at org.testng.internal.invokers.TestMethodWorker.run(TestMethodWorker.java:134)
at java.base/java.util.ArrayList.forEach(ArrayList.java:1511)
at org.testng.TestRunner.privateRun(TestRunner.java:741)
at org.testng.TestRunner.run(TestRunner.java:616)
at org.testng.SuiteRunner.runTest(SuiteRunner.java:421)
at org.testng.SuiteRunner.runSequentially(SuiteRunner.java:413)
at org.testng.SuiteRunner.privateRun(SuiteRunner.java:373)
at org.testng.SuiteRunner.run(SuiteRunner.java:312)
at org.testng.SuiteRunnerWorker.runSuite(SuiteRunnerWorker.java:52)
at org.testng.SuiteRunnerWorker.run(SuiteRunnerWorker.java:95)
at org.testng.TestNG.runSuitesSequentially(TestNG.java:1274)
at org.testng.TestNG.runSuitesLocally(TestNG.java:1208)
at org.testng.TestNG.runSuites(TestNG.java:1112)
at org.testng.TestNG.run(TestNG.java:1079)
at org.apache.maven.surefire.testng.TestNGExecutor.run(TestNGExecutor.java:155)
at org.apache.maven.surefire.testng.TestNGDirectoryTestSuite.executeSingleClass(TestNGDirectoryTestSuite.java:102)
at org.apache.maven.surefire.testng.TestNGDirectoryTestSuite.execute(TestNGDirectoryTestSuite.java:91)
at org.apache.maven.surefire.testng.TestNGProvider.invoke(TestNGProvider.java:137)
at org.apache.maven.surefire.booter.ForkedBooter.runSuitesInProcess(ForkedBooter.java:385)
at org.apache.maven.surefire.booter.ForkedBooter.execute(ForkedBooter.java:162)
at org.apache.maven.surefire.booter.ForkedBooter.run(ForkedBooter.java:507)
at org.apache.maven.surefire.booter.ForkedBooter.main(ForkedBooter.java:495)
]]>
            </full-stacktrace>
          </exception> <!-- java.lang.Throwable -->
          <reporter-output>
          </reporter-output>
        </test-method> <!-- testGetDrLocations -->
        <test-method signature="testGetDrManagedVm()[pri:0, instance:com.ibm.cloud.drautomation_sdk.dr_automation_service.v1.DrAutomationServiceIT@41dd05a]" started-at="2025-12-05T06:46:22 EST" name="testGetDrManagedVm" finished-at="2025-12-05T06:46:22 EST" depends-on-methods="com.ibm.cloud.drautomation_sdk.dr_automation_service.v1.DrAutomationServiceIT.testGetDrLocations" duration-ms="0" status="SKIP">
          <exception class="java.lang.Throwable">
            <message>
              <![CDATA[Method com.ibm.cloud.drautomation_sdk.dr_automation_service.v1.DrAutomationServiceIT.testGetDrManagedVm() on instance com.ibm.cloud.drautomation_sdk.dr_automation_service.v1.DrAutomationServiceIT@41dd05a depends on not successfully finished methods 
[com.ibm.cloud.drautomation_sdk.dr_automation_service.v1.DrAutomationServiceIT.testGetDrLocations() on instance com.ibm.cloud.drautomation_sdk.dr_automation_service.v1.DrAutomationServiceIT@41dd05a]]]>
            </message>
            <full-stacktrace>
              <![CDATA[java.lang.Throwable: Method com.ibm.cloud.drautomation_sdk.dr_automation_service.v1.DrAutomationServiceIT.testGetDrManagedVm() on instance com.ibm.cloud.drautomation_sdk.dr_automation_service.v1.DrAutomationServiceIT@41dd05a depends on not successfully finished methods 
[com.ibm.cloud.drautomation_sdk.dr_automation_service.v1.DrAutomationServiceIT.testGetDrLocations() on instance com.ibm.cloud.drautomation_sdk.dr_automation_service.v1.DrAutomationServiceIT@41dd05a]
at org.testng.internal.invokers.TestInvoker.invokeTestMethods(TestInvoker.java:159)
at org.testng.internal.invokers.TestMethodWorker.invokeTestMethods(TestMethodWorker.java:154)
at org.testng.internal.invokers.TestMethodWorker.run(TestMethodWorker.java:134)
at java.base/java.util.ArrayList.forEach(ArrayList.java:1511)
at org.testng.TestRunner.privateRun(TestRunner.java:741)
at org.testng.TestRunner.run(TestRunner.java:616)
at org.testng.SuiteRunner.runTest(SuiteRunner.java:421)
at org.testng.SuiteRunner.runSequentially(SuiteRunner.java:413)
at org.testng.SuiteRunner.privateRun(SuiteRunner.java:373)
at org.testng.SuiteRunner.run(SuiteRunner.java:312)
at org.testng.SuiteRunnerWorker.runSuite(SuiteRunnerWorker.java:52)
at org.testng.SuiteRunnerWorker.run(SuiteRunnerWorker.java:95)
at org.testng.TestNG.runSuitesSequentially(TestNG.java:1274)
at org.testng.TestNG.runSuitesLocally(TestNG.java:1208)
at org.testng.TestNG.runSuites(TestNG.java:1112)
at org.testng.TestNG.run(TestNG.java:1079)
at org.apache.maven.surefire.testng.TestNGExecutor.run(TestNGExecutor.java:155)
at org.apache.maven.surefire.testng.TestNGDirectoryTestSuite.executeSingleClass(TestNGDirectoryTestSuite.java:102)
at org.apache.maven.surefire.testng.TestNGDirectoryTestSuite.execute(TestNGDirectoryTestSuite.java:91)
at org.apache.maven.surefire.testng.TestNGProvider.invoke(TestNGProvider.java:137)
at org.apache.maven.surefire.booter.ForkedBooter.runSuitesInProcess(ForkedBooter.java:385)
at org.apache.maven.surefire.booter.ForkedBooter.execute(ForkedBooter.java:162)
at org.apache.maven.surefire.booter.ForkedBooter.run(ForkedBooter.java:507)
at org.apache.maven.surefire.booter.ForkedBooter.main(ForkedBooter.java:495)
]]>
            </full-stacktrace>
          </exception> <!-- java.lang.Throwable -->
          <reporter-output>
          </reporter-output>
        </test-method> <!-- testGetDrManagedVm -->
        <test-method signature="testGetDrSummary()[pri:0, instance:com.ibm.cloud.drautomation_sdk.dr_automation_service.v1.DrAutomationServiceIT@41dd05a]" started-at="2025-12-05T06:46:22 EST" name="testGetDrSummary" finished-at="2025-12-05T06:46:22 EST" depends-on-methods="com.ibm.cloud.drautomation_sdk.dr_automation_service.v1.DrAutomationServiceIT.testGetDrManagedVm" duration-ms="0" status="SKIP">
          <exception class="java.lang.Throwable">
            <message>
              <![CDATA[Method com.ibm.cloud.drautomation_sdk.dr_automation_service.v1.DrAutomationServiceIT.testGetDrSummary() on instance com.ibm.cloud.drautomation_sdk.dr_automation_service.v1.DrAutomationServiceIT@41dd05a depends on not successfully finished methods 
[com.ibm.cloud.drautomation_sdk.dr_automation_service.v1.DrAutomationServiceIT.testGetDrManagedVm() on instance com.ibm.cloud.drautomation_sdk.dr_automation_service.v1.DrAutomationServiceIT@41dd05a]]]>
            </message>
            <full-stacktrace>
              <![CDATA[java.lang.Throwable: Method com.ibm.cloud.drautomation_sdk.dr_automation_service.v1.DrAutomationServiceIT.testGetDrSummary() on instance com.ibm.cloud.drautomation_sdk.dr_automation_service.v1.DrAutomationServiceIT@41dd05a depends on not successfully finished methods 
[com.ibm.cloud.drautomation_sdk.dr_automation_service.v1.DrAutomationServiceIT.testGetDrManagedVm() on instance com.ibm.cloud.drautomation_sdk.dr_automation_service.v1.DrAutomationServiceIT@41dd05a]
at org.testng.internal.invokers.TestInvoker.invokeTestMethods(TestInvoker.java:159)
at org.testng.internal.invokers.TestMethodWorker.invokeTestMethods(TestMethodWorker.java:154)
at org.testng.internal.invokers.TestMethodWorker.run(TestMethodWorker.java:134)
at java.base/java.util.ArrayList.forEach(ArrayList.java:1511)
at org.testng.TestRunner.privateRun(TestRunner.java:741)
at org.testng.TestRunner.run(TestRunner.java:616)
at org.testng.SuiteRunner.runTest(SuiteRunner.java:421)
at org.testng.SuiteRunner.runSequentially(SuiteRunner.java:413)
at org.testng.SuiteRunner.privateRun(SuiteRunner.java:373)
at org.testng.SuiteRunner.run(SuiteRunner.java:312)
at org.testng.SuiteRunnerWorker.runSuite(SuiteRunnerWorker.java:52)
at org.testng.SuiteRunnerWorker.run(SuiteRunnerWorker.java:95)
at org.testng.TestNG.runSuitesSequentially(TestNG.java:1274)
at org.testng.TestNG.runSuitesLocally(TestNG.java:1208)
at org.testng.TestNG.runSuites(TestNG.java:1112)
at org.testng.TestNG.run(TestNG.java:1079)
at org.apache.maven.surefire.testng.TestNGExecutor.run(TestNGExecutor.java:155)
at org.apache.maven.surefire.testng.TestNGDirectoryTestSuite.executeSingleClass(TestNGDirectoryTestSuite.java:102)
at org.apache.maven.surefire.testng.TestNGDirectoryTestSuite.execute(TestNGDirectoryTestSuite.java:91)
at org.apache.maven.surefire.testng.TestNGProvider.invoke(TestNGProvider.java:137)
at org.apache.maven.surefire.booter.ForkedBooter.runSuitesInProcess(ForkedBooter.java:385)
at org.apache.maven.surefire.booter.ForkedBooter.execute(ForkedBooter.java:162)
at org.apache.maven.surefire.booter.ForkedBooter.run(ForkedBooter.java:507)
at org.apache.maven.surefire.booter.ForkedBooter.main(ForkedBooter.java:495)
]]>
            </full-stacktrace>
          </exception> <!-- java.lang.Throwable -->
          <reporter-output>
          </reporter-output>
        </test-method> <!-- testGetDrSummary -->
        <test-method signature="testGetMachineType()[pri:0, instance:com.ibm.cloud.drautomation_sdk.dr_automation_service.v1.DrAutomationServiceIT@41dd05a]" started-at="2025-12-05T06:46:22 EST" name="testGetMachineType" finished-at="2025-12-05T06:46:22 EST" depends-on-methods="com.ibm.cloud.drautomation_sdk.dr_automation_service.v1.DrAutomationServiceIT.testGetDrSummary" duration-ms="0" status="SKIP">
          <exception class="java.lang.Throwable">
            <message>
              <![CDATA[Method com.ibm.cloud.drautomation_sdk.dr_automation_service.v1.DrAutomationServiceIT.testGetMachineType() on instance com.ibm.cloud.drautomation_sdk.dr_automation_service.v1.DrAutomationServiceIT@41dd05a depends on not successfully finished methods 
[com.ibm.cloud.drautomation_sdk.dr_automation_service.v1.DrAutomationServiceIT.testGetDrSummary() on instance com.ibm.cloud.drautomation_sdk.dr_automation_service.v1.DrAutomationServiceIT@41dd05a]]]>
            </message>
            <full-stacktrace>
              <![CDATA[java.lang.Throwable: Method com.ibm.cloud.drautomation_sdk.dr_automation_service.v1.DrAutomationServiceIT.testGetMachineType() on instance com.ibm.cloud.drautomation_sdk.dr_automation_service.v1.DrAutomationServiceIT@41dd05a depends on not successfully finished methods 
[com.ibm.cloud.drautomation_sdk.dr_automation_service.v1.DrAutomationServiceIT.testGetDrSummary() on instance com.ibm.cloud.drautomation_sdk.dr_automation_service.v1.DrAutomationServiceIT@41dd05a]
at org.testng.internal.invokers.TestInvoker.invokeTestMethods(TestInvoker.java:159)
at org.testng.internal.invokers.TestMethodWorker.invokeTestMethods(TestMethodWorker.java:154)
at org.testng.internal.invokers.TestMethodWorker.run(TestMethodWorker.java:134)
at java.base/java.util.ArrayList.forEach(ArrayList.java:1511)
at org.testng.TestRunner.privateRun(TestRunner.java:741)
at org.testng.TestRunner.run(TestRunner.java:616)
at org.testng.SuiteRunner.runTest(SuiteRunner.java:421)
at org.testng.SuiteRunner.runSequentially(SuiteRunner.java:413)
at org.testng.SuiteRunner.privateRun(SuiteRunner.java:373)
at org.testng.SuiteRunner.run(SuiteRunner.java:312)
at org.testng.SuiteRunnerWorker.runSuite(SuiteRunnerWorker.java:52)
at org.testng.SuiteRunnerWorker.run(SuiteRunnerWorker.java:95)
at org.testng.TestNG.runSuitesSequentially(TestNG.java:1274)
at org.testng.TestNG.runSuitesLocally(TestNG.java:1208)
at org.testng.TestNG.runSuites(TestNG.java:1112)
at org.testng.TestNG.run(TestNG.java:1079)
at org.apache.maven.surefire.testng.TestNGExecutor.run(TestNGExecutor.java:155)
at org.apache.maven.surefire.testng.TestNGDirectoryTestSuite.executeSingleClass(TestNGDirectoryTestSuite.java:102)
at org.apache.maven.surefire.testng.TestNGDirectoryTestSuite.execute(TestNGDirectoryTestSuite.java:91)
at org.apache.maven.surefire.testng.TestNGProvider.invoke(TestNGProvider.java:137)
at org.apache.maven.surefire.booter.ForkedBooter.runSuitesInProcess(ForkedBooter.java:385)
at org.apache.maven.surefire.booter.ForkedBooter.execute(ForkedBooter.java:162)
at org.apache.maven.surefire.booter.ForkedBooter.run(ForkedBooter.java:507)
at org.apache.maven.surefire.booter.ForkedBooter.main(ForkedBooter.java:495)
]]>
            </full-stacktrace>
          </exception> <!-- java.lang.Throwable -->
          <reporter-output>
          </reporter-output>
        </test-method> <!-- testGetMachineType -->
        <test-method signature="testGetPowervsWorkspaces()[pri:0, instance:com.ibm.cloud.drautomation_sdk.dr_automation_service.v1.DrAutomationServiceIT@41dd05a]" started-at="2025-12-05T06:46:22 EST" name="testGetPowervsWorkspaces" finished-at="2025-12-05T06:46:22 EST" depends-on-methods="com.ibm.cloud.drautomation_sdk.dr_automation_service.v1.DrAutomationServiceIT.testGetMachineType" duration-ms="0" status="SKIP">
          <exception class="java.lang.Throwable">
            <message>
              <![CDATA[Method com.ibm.cloud.drautomation_sdk.dr_automation_service.v1.DrAutomationServiceIT.testGetPowervsWorkspaces() on instance com.ibm.cloud.drautomation_sdk.dr_automation_service.v1.DrAutomationServiceIT@41dd05a depends on not successfully finished methods 
[com.ibm.cloud.drautomation_sdk.dr_automation_service.v1.DrAutomationServiceIT.testGetMachineType() on instance com.ibm.cloud.drautomation_sdk.dr_automation_service.v1.DrAutomationServiceIT@41dd05a]]]>
            </message>
            <full-stacktrace>
              <![CDATA[java.lang.Throwable: Method com.ibm.cloud.drautomation_sdk.dr_automation_service.v1.DrAutomationServiceIT.testGetPowervsWorkspaces() on instance com.ibm.cloud.drautomation_sdk.dr_automation_service.v1.DrAutomationServiceIT@41dd05a depends on not successfully finished methods 
[com.ibm.cloud.drautomation_sdk.dr_automation_service.v1.DrAutomationServiceIT.testGetMachineType() on instance com.ibm.cloud.drautomation_sdk.dr_automation_service.v1.DrAutomationServiceIT@41dd05a]
at org.testng.internal.invokers.TestInvoker.invokeTestMethods(TestInvoker.java:159)
at org.testng.internal.invokers.TestMethodWorker.invokeTestMethods(TestMethodWorker.java:154)
at org.testng.internal.invokers.TestMethodWorker.run(TestMethodWorker.java:134)
at java.base/java.util.ArrayList.forEach(ArrayList.java:1511)
at org.testng.TestRunner.privateRun(TestRunner.java:741)
at org.testng.TestRunner.run(TestRunner.java:616)
at org.testng.SuiteRunner.runTest(SuiteRunner.java:421)
at org.testng.SuiteRunner.runSequentially(SuiteRunner.java:413)
at org.testng.SuiteRunner.privateRun(SuiteRunner.java:373)
at org.testng.SuiteRunner.run(SuiteRunner.java:312)
at org.testng.SuiteRunnerWorker.runSuite(SuiteRunnerWorker.java:52)
at org.testng.SuiteRunnerWorker.run(SuiteRunnerWorker.java:95)
at org.testng.TestNG.runSuitesSequentially(TestNG.java:1274)
at org.testng.TestNG.runSuitesLocally(TestNG.java:1208)
at org.testng.TestNG.runSuites(TestNG.java:1112)
at org.testng.TestNG.run(TestNG.java:1079)
at org.apache.maven.surefire.testng.TestNGExecutor.run(TestNGExecutor.java:155)
at org.apache.maven.surefire.testng.TestNGDirectoryTestSuite.executeSingleClass(TestNGDirectoryTestSuite.java:102)
at org.apache.maven.surefire.testng.TestNGDirectoryTestSuite.execute(TestNGDirectoryTestSuite.java:91)
at org.apache.maven.surefire.testng.TestNGProvider.invoke(TestNGProvider.java:137)
at org.apache.maven.surefire.booter.ForkedBooter.runSuitesInProcess(ForkedBooter.java:385)
at org.apache.maven.surefire.booter.ForkedBooter.execute(ForkedBooter.java:162)
at org.apache.maven.surefire.booter.ForkedBooter.run(ForkedBooter.java:507)
at org.apache.maven.surefire.booter.ForkedBooter.main(ForkedBooter.java:495)
]]>
            </full-stacktrace>
          </exception> <!-- java.lang.Throwable -->
          <reporter-output>
          </reporter-output>
        </test-method> <!-- testGetPowervsWorkspaces -->
        <test-method signature="testCreateManageDr()[pri:0, instance:com.ibm.cloud.drautomation_sdk.dr_automation_service.v1.DrAutomationServiceIT@41dd05a]" started-at="2025-12-05T06:46:22 EST" name="testCreateManageDr" finished-at="2025-12-05T06:46:22 EST" depends-on-methods="com.ibm.cloud.drautomation_sdk.dr_automation_service.v1.DrAutomationServiceIT.testGetPowervsWorkspaces" duration-ms="0" status="SKIP">
          <exception class="java.lang.Throwable">
            <message>
              <![CDATA[Method com.ibm.cloud.drautomation_sdk.dr_automation_service.v1.DrAutomationServiceIT.testCreateManageDr() on instance com.ibm.cloud.drautomation_sdk.dr_automation_service.v1.DrAutomationServiceIT@41dd05a depends on not successfully finished methods 
[com.ibm.cloud.drautomation_sdk.dr_automation_service.v1.DrAutomationServiceIT.testGetPowervsWorkspaces() on instance com.ibm.cloud.drautomation_sdk.dr_automation_service.v1.DrAutomationServiceIT@41dd05a]]]>
            </message>
            <full-stacktrace>
              <![CDATA[java.lang.Throwable: Method com.ibm.cloud.drautomation_sdk.dr_automation_service.v1.DrAutomationServiceIT.testCreateManageDr() on instance com.ibm.cloud.drautomation_sdk.dr_automation_service.v1.DrAutomationServiceIT@41dd05a depends on not successfully finished methods 
[com.ibm.cloud.drautomation_sdk.dr_automation_service.v1.DrAutomationServiceIT.testGetPowervsWorkspaces() on instance com.ibm.cloud.drautomation_sdk.dr_automation_service.v1.DrAutomationServiceIT@41dd05a]
at org.testng.internal.invokers.TestInvoker.invokeTestMethods(TestInvoker.java:159)
at org.testng.internal.invokers.TestMethodWorker.invokeTestMethods(TestMethodWorker.java:154)
at org.testng.internal.invokers.TestMethodWorker.run(TestMethodWorker.java:134)
at java.base/java.util.ArrayList.forEach(ArrayList.java:1511)
at org.testng.TestRunner.privateRun(TestRunner.java:741)
at org.testng.TestRunner.run(TestRunner.java:616)
at org.testng.SuiteRunner.runTest(SuiteRunner.java:421)
at org.testng.SuiteRunner.runSequentially(SuiteRunner.java:413)
at org.testng.SuiteRunner.privateRun(SuiteRunner.java:373)
at org.testng.SuiteRunner.run(SuiteRunner.java:312)
at org.testng.SuiteRunnerWorker.runSuite(SuiteRunnerWorker.java:52)
at org.testng.SuiteRunnerWorker.run(SuiteRunnerWorker.java:95)
at org.testng.TestNG.runSuitesSequentially(TestNG.java:1274)
at org.testng.TestNG.runSuitesLocally(TestNG.java:1208)
at org.testng.TestNG.runSuites(TestNG.java:1112)
at org.testng.TestNG.run(TestNG.java:1079)
at org.apache.maven.surefire.testng.TestNGExecutor.run(TestNGExecutor.java:155)
at org.apache.maven.surefire.testng.TestNGDirectoryTestSuite.executeSingleClass(TestNGDirectoryTestSuite.java:102)
at org.apache.maven.surefire.testng.TestNGDirectoryTestSuite.execute(TestNGDirectoryTestSuite.java:91)
at org.apache.maven.surefire.testng.TestNGProvider.invoke(TestNGProvider.java:137)
at org.apache.maven.surefire.booter.ForkedBooter.runSuitesInProcess(ForkedBooter.java:385)
at org.apache.maven.surefire.booter.ForkedBooter.execute(ForkedBooter.java:162)
at org.apache.maven.surefire.booter.ForkedBooter.run(ForkedBooter.java:507)
at org.apache.maven.surefire.booter.ForkedBooter.main(ForkedBooter.java:495)
]]>
            </full-stacktrace>
          </exception> <!-- java.lang.Throwable -->
          <reporter-output>
          </reporter-output>
        </test-method> <!-- testCreateManageDr -->
        <test-method signature="testGetLastOperation()[pri:0, instance:com.ibm.cloud.drautomation_sdk.dr_automation_service.v1.DrAutomationServiceIT@41dd05a]" started-at="2025-12-05T06:46:22 EST" name="testGetLastOperation" finished-at="2025-12-05T06:46:22 EST" depends-on-methods="com.ibm.cloud.drautomation_sdk.dr_automation_service.v1.DrAutomationServiceIT.testCreateManageDr" duration-ms="0" status="SKIP">
          <exception class="java.lang.Throwable">
            <message>
              <![CDATA[Method com.ibm.cloud.drautomation_sdk.dr_automation_service.v1.DrAutomationServiceIT.testGetLastOperation() on instance com.ibm.cloud.drautomation_sdk.dr_automation_service.v1.DrAutomationServiceIT@41dd05a depends on not successfully finished methods 
[com.ibm.cloud.drautomation_sdk.dr_automation_service.v1.DrAutomationServiceIT.testCreateManageDr() on instance com.ibm.cloud.drautomation_sdk.dr_automation_service.v1.DrAutomationServiceIT@41dd05a]]]>
            </message>
            <full-stacktrace>
              <![CDATA[java.lang.Throwable: Method com.ibm.cloud.drautomation_sdk.dr_automation_service.v1.DrAutomationServiceIT.testGetLastOperation() on instance com.ibm.cloud.drautomation_sdk.dr_automation_service.v1.DrAutomationServiceIT@41dd05a depends on not successfully finished methods 
[com.ibm.cloud.drautomation_sdk.dr_automation_service.v1.DrAutomationServiceIT.testCreateManageDr() on instance com.ibm.cloud.drautomation_sdk.dr_automation_service.v1.DrAutomationServiceIT@41dd05a]
at org.testng.internal.invokers.TestInvoker.invokeTestMethods(TestInvoker.java:159)
at org.testng.internal.invokers.TestMethodWorker.invokeTestMethods(TestMethodWorker.java:154)
at org.testng.internal.invokers.TestMethodWorker.run(TestMethodWorker.java:134)
at java.base/java.util.ArrayList.forEach(ArrayList.java:1511)
at org.testng.TestRunner.privateRun(TestRunner.java:741)
at org.testng.TestRunner.run(TestRunner.java:616)
at org.testng.SuiteRunner.runTest(SuiteRunner.java:421)
at org.testng.SuiteRunner.runSequentially(SuiteRunner.java:413)
at org.testng.SuiteRunner.privateRun(SuiteRunner.java:373)
at org.testng.SuiteRunner.run(SuiteRunner.java:312)
at org.testng.SuiteRunnerWorker.runSuite(SuiteRunnerWorker.java:52)
at org.testng.SuiteRunnerWorker.run(SuiteRunnerWorker.java:95)
at org.testng.TestNG.runSuitesSequentially(TestNG.java:1274)
at org.testng.TestNG.runSuitesLocally(TestNG.java:1208)
at org.testng.TestNG.runSuites(TestNG.java:1112)
at org.testng.TestNG.run(TestNG.java:1079)
at org.apache.maven.surefire.testng.TestNGExecutor.run(TestNGExecutor.java:155)
at org.apache.maven.surefire.testng.TestNGDirectoryTestSuite.executeSingleClass(TestNGDirectoryTestSuite.java:102)
at org.apache.maven.surefire.testng.TestNGDirectoryTestSuite.execute(TestNGDirectoryTestSuite.java:91)
at org.apache.maven.surefire.testng.TestNGProvider.invoke(TestNGProvider.java:137)
at org.apache.maven.surefire.booter.ForkedBooter.runSuitesInProcess(ForkedBooter.java:385)
at org.apache.maven.surefire.booter.ForkedBooter.execute(ForkedBooter.java:162)
at org.apache.maven.surefire.booter.ForkedBooter.run(ForkedBooter.java:507)
at org.apache.maven.surefire.booter.ForkedBooter.main(ForkedBooter.java:495)
]]>
            </full-stacktrace>
          </exception> <!-- java.lang.Throwable -->
          <reporter-output>
          </reporter-output>
        </test-method> <!-- testGetLastOperation -->
        <test-method signature="testListEvents()[pri:0, instance:com.ibm.cloud.drautomation_sdk.dr_automation_service.v1.DrAutomationServiceIT@41dd05a]" started-at="2025-12-05T06:46:22 EST" name="testListEvents" finished-at="2025-12-05T06:46:22 EST" depends-on-methods="com.ibm.cloud.drautomation_sdk.dr_automation_service.v1.DrAutomationServiceIT.testGetLastOperation" duration-ms="0" status="SKIP">
          <exception class="java.lang.Throwable">
            <message>
              <![CDATA[Method com.ibm.cloud.drautomation_sdk.dr_automation_service.v1.DrAutomationServiceIT.testListEvents() on instance com.ibm.cloud.drautomation_sdk.dr_automation_service.v1.DrAutomationServiceIT@41dd05a depends on not successfully finished methods 
[com.ibm.cloud.drautomation_sdk.dr_automation_service.v1.DrAutomationServiceIT.testGetLastOperation() on instance com.ibm.cloud.drautomation_sdk.dr_automation_service.v1.DrAutomationServiceIT@41dd05a]]]>
            </message>
            <full-stacktrace>
              <![CDATA[java.lang.Throwable: Method com.ibm.cloud.drautomation_sdk.dr_automation_service.v1.DrAutomationServiceIT.testListEvents() on instance com.ibm.cloud.drautomation_sdk.dr_automation_service.v1.DrAutomationServiceIT@41dd05a depends on not successfully finished methods 
[com.ibm.cloud.drautomation_sdk.dr_automation_service.v1.DrAutomationServiceIT.testGetLastOperation() on instance com.ibm.cloud.drautomation_sdk.dr_automation_service.v1.DrAutomationServiceIT@41dd05a]
at org.testng.internal.invokers.TestInvoker.invokeTestMethods(TestInvoker.java:159)
at org.testng.internal.invokers.TestMethodWorker.invokeTestMethods(TestMethodWorker.java:154)
at org.testng.internal.invokers.TestMethodWorker.run(TestMethodWorker.java:134)
at java.base/java.util.ArrayList.forEach(ArrayList.java:1511)
at org.testng.TestRunner.privateRun(TestRunner.java:741)
at org.testng.TestRunner.run(TestRunner.java:616)
at org.testng.SuiteRunner.runTest(SuiteRunner.java:421)
at org.testng.SuiteRunner.runSequentially(SuiteRunner.java:413)
at org.testng.SuiteRunner.privateRun(SuiteRunner.java:373)
at org.testng.SuiteRunner.run(SuiteRunner.java:312)
at org.testng.SuiteRunnerWorker.runSuite(SuiteRunnerWorker.java:52)
at org.testng.SuiteRunnerWorker.run(SuiteRunnerWorker.java:95)
at org.testng.TestNG.runSuitesSequentially(TestNG.java:1274)
at org.testng.TestNG.runSuitesLocally(TestNG.java:1208)
at org.testng.TestNG.runSuites(TestNG.java:1112)
at org.testng.TestNG.run(TestNG.java:1079)
at org.apache.maven.surefire.testng.TestNGExecutor.run(TestNGExecutor.java:155)
at org.apache.maven.surefire.testng.TestNGDirectoryTestSuite.executeSingleClass(TestNGDirectoryTestSuite.java:102)
at org.apache.maven.surefire.testng.TestNGDirectoryTestSuite.execute(TestNGDirectoryTestSuite.java:91)
at org.apache.maven.surefire.testng.TestNGProvider.invoke(TestNGProvider.java:137)
at org.apache.maven.surefire.booter.ForkedBooter.runSuitesInProcess(ForkedBooter.java:385)
at org.apache.maven.surefire.booter.ForkedBooter.execute(ForkedBooter.java:162)
at org.apache.maven.surefire.booter.ForkedBooter.run(ForkedBooter.java:507)
at org.apache.maven.surefire.booter.ForkedBooter.main(ForkedBooter.java:495)
]]>
            </full-stacktrace>
          </exception> <!-- java.lang.Throwable -->
          <reporter-output>
          </reporter-output>
        </test-method> <!-- testListEvents -->
        <test-method signature="testGetEvent()[pri:0, instance:com.ibm.cloud.drautomation_sdk.dr_automation_service.v1.DrAutomationServiceIT@41dd05a]" started-at="2025-12-05T06:46:22 EST" name="testGetEvent" finished-at="2025-12-05T06:46:22 EST" depends-on-methods="com.ibm.cloud.drautomation_sdk.dr_automation_service.v1.DrAutomationServiceIT.testListEvents" duration-ms="0" status="SKIP">
          <exception class="java.lang.Throwable">
            <message>
              <![CDATA[Method com.ibm.cloud.drautomation_sdk.dr_automation_service.v1.DrAutomationServiceIT.testGetEvent() on instance com.ibm.cloud.drautomation_sdk.dr_automation_service.v1.DrAutomationServiceIT@41dd05a depends on not successfully finished methods 
[com.ibm.cloud.drautomation_sdk.dr_automation_service.v1.DrAutomationServiceIT.testListEvents() on instance com.ibm.cloud.drautomation_sdk.dr_automation_service.v1.DrAutomationServiceIT@41dd05a]]]>
            </message>
            <full-stacktrace>
              <![CDATA[java.lang.Throwable: Method com.ibm.cloud.drautomation_sdk.dr_automation_service.v1.DrAutomationServiceIT.testGetEvent() on instance com.ibm.cloud.drautomation_sdk.dr_automation_service.v1.DrAutomationServiceIT@41dd05a depends on not successfully finished methods 
[com.ibm.cloud.drautomation_sdk.dr_automation_service.v1.DrAutomationServiceIT.testListEvents() on instance com.ibm.cloud.drautomation_sdk.dr_automation_service.v1.DrAutomationServiceIT@41dd05a]
at org.testng.internal.invokers.TestInvoker.invokeTestMethods(TestInvoker.java:159)
at org.testng.internal.invokers.TestMethodWorker.invokeTestMethods(TestMethodWorker.java:154)
at org.testng.internal.invokers.TestMethodWorker.run(TestMethodWorker.java:134)
at java.base/java.util.ArrayList.forEach(ArrayList.java:1511)
at org.testng.TestRunner.privateRun(TestRunner.java:741)
at org.testng.TestRunner.run(TestRunner.java:616)
at org.testng.SuiteRunner.runTest(SuiteRunner.java:421)
at org.testng.SuiteRunner.runSequentially(SuiteRunner.java:413)
at org.testng.SuiteRunner.privateRun(SuiteRunner.java:373)
at org.testng.SuiteRunner.run(SuiteRunner.java:312)
at org.testng.SuiteRunnerWorker.runSuite(SuiteRunnerWorker.java:52)
at org.testng.SuiteRunnerWorker.run(SuiteRunnerWorker.java:95)
at org.testng.TestNG.runSuitesSequentially(TestNG.java:1274)
at org.testng.TestNG.runSuitesLocally(TestNG.java:1208)
at org.testng.TestNG.runSuites(TestNG.java:1112)
at org.testng.TestNG.run(TestNG.java:1079)
at org.apache.maven.surefire.testng.TestNGExecutor.run(TestNGExecutor.java:155)
at org.apache.maven.surefire.testng.TestNGDirectoryTestSuite.executeSingleClass(TestNGDirectoryTestSuite.java:102)
at org.apache.maven.surefire.testng.TestNGDirectoryTestSuite.execute(TestNGDirectoryTestSuite.java:91)
at org.apache.maven.surefire.testng.TestNGProvider.invoke(TestNGProvider.java:137)
at org.apache.maven.surefire.booter.ForkedBooter.runSuitesInProcess(ForkedBooter.java:385)
at org.apache.maven.surefire.booter.ForkedBooter.execute(ForkedBooter.java:162)
at org.apache.maven.surefire.booter.ForkedBooter.run(ForkedBooter.java:507)
at org.apache.maven.surefire.booter.ForkedBooter.main(ForkedBooter.java:495)
]]>
            </full-stacktrace>
          </exception> <!-- java.lang.Throwable -->
          <reporter-output>
          </reporter-output>
        </test-method> <!-- testGetEvent -->
        <test-method is-config="true" signature="tearDown()[pri:0, instance:com.ibm.cloud.drautomation_sdk.dr_automation_service.v1.DrAutomationServiceIT@41dd05a]" started-at="2025-12-05T06:46:22 EST" name="tearDown" finished-at="2025-12-05T06:46:22 EST" duration-ms="0" status="SKIP">
          <reporter-output>
          </reporter-output>
        </test-method> <!-- tearDown -->
      </class> <!-- com.ibm.cloud.drautomation_sdk.dr_automation_service.v1.DrAutomationServiceIT -->
    </test> <!-- Surefire test -->
  </suite> <!-- Surefire suite -->
</testng-results>
