<?xml version="1.0" encoding="UTF-8"?>
<testsuite xmlns:xsi="http://www.w3.org/2001/XMLSchema-instance" xsi:noNamespaceSchemaLocation="https://maven.apache.org/surefire/maven-surefire-plugin/xsd/surefire-test-report-3.0.xsd" version="3.0" name="com.ibm.cloud.drautomation_sdk.test.SdkCommonTest" time="0.64" tests="1" errors="0" skipped="0" failures="0">
  <properties>
[...]
</properties>
  <testcase name="testGetSdkHeaders" classname="com.ibm.cloud.drautomation_sdk.test.SdkCommonTest" time="0.021">
    <system-out><![CDATA[User-Agent: dra-java-sdk/0.0.1 (lang=java; java.vendor=Red Hat, Inc.; java.version=17.0.16; os.arch=amd64; os.name=Linux; os.version=5.14.0-503.31.1.el9_5.x86_64)
]]></system-out>
  </testcase>
</testsuite>