<?xml version="1.0" encoding="UTF-8"?>
<testng-results ignored="0" total="1" passed="1" failed="0" skipped="0">
  <reporter-output>
  </reporter-output>
  <suite started-at="2025-12-05T06:46:08 EST" name="Surefire suite" finished-at="2025-12-05T06:46:09 EST" duration-ms="82">
    <groups>
    </groups>
    <test started-at="2025-12-05T06:46:08 EST" name="Surefire test" finished-at="2025-12-05T06:46:09 EST" duration-ms="82">
      <class name="com.ibm.cloud.drautomation_sdk.test.SdkCommonTest">
        <test-method signature="testGetSdkHeaders()[pri:0, instance:com.ibm.cloud.drautomation_sdk.test.SdkCommonTest@7862f56]" started-at="2025-12-05T06:46:08 EST" name="testGetSdkHeaders" finished-at="2025-12-05T06:46:09 EST" duration-ms="18" status="PASS">
          <reporter-output>
          </reporter-output>
        </test-method> <!-- testGetSdkHeaders -->
      </class> <!-- com.ibm.cloud.drautomation_sdk.test.SdkCommonTest -->
    </test> <!-- Surefire test -->
  </suite> <!-- Surefire suite -->
</testng-results>
