<?xml version="1.0" encoding="UTF-8"?>
<!-- Generated by org.testng.reporters.JUnitXMLReporter -->
<testsuite ignored="0" hostname="dra-sb.pok.stglabs.ibm.com" failures="0" tests="11" name="Surefire test" time="0.095" errors="0" timestamp="2025-12-05T06:46:22 EST">
  <testcase classname="com.ibm.cloud.drautomation_sdk.test.SdkIntegrationTestBase" name="@BeforeMethod shouldSkipTest" time="0.0">
    <skipped/>
  </testcase> <!-- @BeforeMethod shouldSkipTest -->
  <testcase classname="com.ibm.cloud.drautomation_sdk.dr_automation_service.v1.DrAutomationServiceIT" name="@AfterClass tearDown" time="0.0">
    <skipped/>
  </testcase> <!-- @AfterClass tearDown -->
  <testcase classname="com.ibm.cloud.drautomation_sdk.dr_automation_service.v1.DrAutomationServiceIT" name="testUpdateApikey" time="0.0">
    <skipped/>
  </testcase> <!-- testUpdateApikey -->
  <testcase classname="com.ibm.cloud.drautomation_sdk.dr_automation_service.v1.DrAutomationServiceIT" name="testGetDrGrsLocationPair" time="0.001">
    <skipped/>
  </testcase> <!-- testGetDrGrsLocationPair -->
  <testcase classname="com.ibm.cloud.drautomation_sdk.dr_automation_service.v1.DrAutomationServiceIT" name="testGetDrLocations" time="0.0">
    <skipped/>
  </testcase> <!-- testGetDrLocations -->
  <testcase classname="com.ibm.cloud.drautomation_sdk.dr_automation_service.v1.DrAutomationServiceIT" name="testGetDrManagedVm" time="0.0">
    <skipped/>
  </testcase> <!-- testGetDrManagedVm -->
  <testcase classname="com.ibm.cloud.drautomation_sdk.dr_automation_service.v1.DrAutomationServiceIT" name="testGetDrSummary" time="0.0">
    <skipped/>
  </testcase> <!-- testGetDrSummary -->
  <testcase classname="com.ibm.cloud.drautomation_sdk.dr_automation_service.v1.DrAutomationServiceIT" name="testGetMachineType" time="0.0">
    <skipped/>
  </testcase> <!-- testGetMachineType -->
  <testcase classname="com.ibm.cloud.drautomation_sdk.dr_automation_service.v1.DrAutomationServiceIT" name="testGetPowervsWorkspaces" time="0.0">
    <skipped/>
  </testcase> <!-- testGetPowervsWorkspaces -->
  <testcase classname="com.ibm.cloud.drautomation_sdk.dr_automation_service.v1.DrAutomationServiceIT" name="testCreateManageDr" time="0.0">
    <skipped/>
  </testcase> <!-- testCreateManageDr -->
  <testcase classname="com.ibm.cloud.drautomation_sdk.dr_automation_service.v1.DrAutomationServiceIT" name="testGetLastOperation" time="0.0">
    <skipped/>
  </testcase> <!-- testGetLastOperation -->
  <testcase classname="com.ibm.cloud.drautomation_sdk.dr_automation_service.v1.DrAutomationServiceIT" name="testListEvents" time="0.0">
    <skipped/>
  </testcase> <!-- testListEvents -->
  <testcase classname="com.ibm.cloud.drautomation_sdk.dr_automation_service.v1.DrAutomationServiceIT" name="testGetEvent" time="0.0">
    <skipped/>
  </testcase> <!-- testGetEvent -->
</testsuite> <!-- Surefire test -->
