<html>
<head>
<title>TestNG:  Surefire test</title>
<link href="../testng.css" rel="stylesheet" type="text/css" />
<link href="../my-testng.css" rel="stylesheet" type="text/css" />

<style type="text/css">
.log { display: none;} 
.stack-trace { display: none;} 
</style>
<script type="text/javascript">
<!--
function flip(e) {
  current = e.style.display;
  if (current == 'block') {
    e.style.display = 'none';
    return 0;
  }
  else {
    e.style.display = 'block';
    return 1;
  }
}

function toggleBox(szDivId, elem, msg1, msg2)
{
  var res = -1;  if (document.getElementById) {
    res = flip(document.getElementById(szDivId));
  }
  else if (document.all) {
    // this is the way old msie versions work
    res = flip(document.all[szDivId]);
  }
  if(elem) {
    if(res == 0) elem.innerHTML = msg1; else elem.innerHTML = msg2;
  }

}

function toggleAllBoxes() {
  if (document.getElementsByTagName) {
    d = document.getElementsByTagName('div');
    for (i = 0; i < d.length; i++) {
      if (d[i].className == 'log') {
        flip(d[i]);
      }
    }
  }
}

// -->
</script>

</head>
<body>
<h2 align='center'>Surefire test</h2><table border='1' align="center">
<tr>
<td>Tests passed/Failed/Skipped:</td><td>0/0/11</td>
</tr><tr>
<td>Started on:</td><td>Fri Dec 05 06:46:22 EST 2025</td>
</tr>
<tr><td>Total time:</td><td>0 seconds (95 ms)</td>
</tr><tr>
<td>Included groups:</td><td></td>
</tr><tr>
<td>Excluded groups:</td><td></td>
</tr>
</table><p/>
<small><i>(Hover the method name to see the test class name)</i></small><p/>
<table width='100%' border='1' class='invocation-skipped'>
<tr><td colspan='4' align='center'><b>SKIPPED CONFIGURATIONS</b></td></tr>
<tr><td><b>Test method</b></td>
<td><b>Attribute(s)</b></td>
<td width="30%"><b>Exception</b></td>
<td width="10%"><b>Time (seconds)</b></td>
<td><b>Instance</b></td>
</tr>
<tr>
<td title='com.ibm.cloud.drautomation_sdk.dr_automation_service.v1.DrAutomationServiceIT.tearDown()'><b>tearDown</b><br>Test class: com.ibm.cloud.drautomation_sdk.dr_automation_service.v1.DrAutomationServiceIT</td>
<td></td>
<td>0</td>
<td>com.ibm.cloud.drautomation_sdk.dr_automation_service.v1.DrAutomationServiceIT@41dd05a</td></tr>
<tr>
<td title='com.ibm.cloud.drautomation_sdk.dr_automation_service.v1.DrAutomationServiceIT.shouldSkipTest()'><b>shouldSkipTest</b><br>Test class: com.ibm.cloud.drautomation_sdk.dr_automation_service.v1.DrAutomationServiceIT</td>
<td><div><pre>org.testng.SkipException: Skipping test...
	at com.ibm.cloud.drautomation_sdk.test.SdkIntegrationTestBase.shouldSkipTest(SdkIntegrationTestBase.java:79)
	at java.base/java.util.ArrayList.forEach(ArrayList.java:1511)
... Removed 36 stack frames</pre></div><a href='#' onClick='toggleBox("stack-trace1091234211", this, "Click to show all stack frames", "Click to hide stack frames")'>Click to show all stack frames</a>
<div class='stack-trace' id='stack-trace1091234211'><pre>org.testng.SkipException: Skipping test...
	at com.ibm.cloud.drautomation_sdk.test.SdkIntegrationTestBase.shouldSkipTest(SdkIntegrationTestBase.java:79)
	at java.base/jdk.internal.reflect.NativeMethodAccessorImpl.invoke0(Native Method)
	at java.base/jdk.internal.reflect.NativeMethodAccessorImpl.invoke(NativeMethodAccessorImpl.java:77)
	at java.base/jdk.internal.reflect.DelegatingMethodAccessorImpl.invoke(DelegatingMethodAccessorImpl.java:43)
	at java.base/java.lang.reflect.Method.invoke(Method.java:569)
	at org.testng.internal.invokers.MethodInvocationHelper.invokeMethod(MethodInvocationHelper.java:141)
	at org.testng.internal.invokers.MethodInvocationHelper.invokeMethodConsideringTimeout(MethodInvocationHelper.java:71)
	at org.testng.internal.invokers.ConfigInvoker.invokeConfigurationMethod(ConfigInvoker.java:400)
	at org.testng.internal.invokers.ConfigInvoker.invokeConfigurations(ConfigInvoker.java:333)
	at org.testng.internal.invokers.TestInvoker.runConfigMethods(TestInvoker.java:836)
	at org.testng.internal.invokers.TestInvoker.invokeMethod(TestInvoker.java:601)
	at org.testng.internal.invokers.TestInvoker.invokeTestMethod(TestInvoker.java:230)
	at org.testng.internal.invokers.MethodRunner.runInSequence(MethodRunner.java:63)
	at org.testng.internal.invokers.TestInvoker$MethodInvocationAgent.invoke(TestInvoker.java:995)
	at org.testng.internal.invokers.TestInvoker.invokeTestMethods(TestInvoker.java:203)
	at org.testng.internal.invokers.TestMethodWorker.invokeTestMethods(TestMethodWorker.java:154)
	at org.testng.internal.invokers.TestMethodWorker.run(TestMethodWorker.java:134)
	at java.base/java.util.ArrayList.forEach(ArrayList.java:1511)
	at org.testng.TestRunner.privateRun(TestRunner.java:741)
	at org.testng.TestRunner.run(TestRunner.java:616)
	at org.testng.SuiteRunner.runTest(SuiteRunner.java:421)
	at org.testng.SuiteRunner.runSequentially(SuiteRunner.java:413)
	at org.testng.SuiteRunner.privateRun(SuiteRunner.java:373)
	at org.testng.SuiteRunner.run(SuiteRunner.java:312)
	at org.testng.SuiteRunnerWorker.runSuite(SuiteRunnerWorker.java:52)
	at org.testng.SuiteRunnerWorker.run(SuiteRunnerWorker.java:95)
	at org.testng.TestNG.runSuitesSequentially(TestNG.java:1274)
	at org.testng.TestNG.runSuitesLocally(TestNG.java:1208)
	at org.testng.TestNG.runSuites(TestNG.java:1112)
	at org.testng.TestNG.run(TestNG.java:1079)
	at org.apache.maven.surefire.testng.TestNGExecutor.run(TestNGExecutor.java:155)
	at org.apache.maven.surefire.testng.TestNGDirectoryTestSuite.executeSingleClass(TestNGDirectoryTestSuite.java:102)
	at org.apache.maven.surefire.testng.TestNGDirectoryTestSuite.execute(TestNGDirectoryTestSuite.java:91)
	at org.apache.maven.surefire.testng.TestNGProvider.invoke(TestNGProvider.java:137)
	at org.apache.maven.surefire.booter.ForkedBooter.runSuitesInProcess(ForkedBooter.java:385)
	at org.apache.maven.surefire.booter.ForkedBooter.execute(ForkedBooter.java:162)
	at org.apache.maven.surefire.booter.ForkedBooter.run(ForkedBooter.java:507)
	at org.apache.maven.surefire.booter.ForkedBooter.main(ForkedBooter.java:495)
</pre></div></td>
<td>0</td>
<td>com.ibm.cloud.drautomation_sdk.dr_automation_service.v1.DrAutomationServiceIT@41dd05a</td></tr>
</table><p>
<table width='100%' border='1' class='invocation-skipped'>
<tr><td colspan='4' align='center'><b>SKIPPED TESTS</b></td></tr>
<tr><td><b>Test method</b></td>
<td><b>Attribute(s)</b></td>
<td width="30%"><b>Exception</b></td>
<td width="10%"><b>Time (seconds)</b></td>
<td><b>Instance</b></td>
</tr>
<tr>
<td title='com.ibm.cloud.drautomation_sdk.dr_automation_service.v1.DrAutomationServiceIT.testListEvents()'><b>testListEvents</b><br>Test class: com.ibm.cloud.drautomation_sdk.dr_automation_service.v1.DrAutomationServiceIT</td>
<td><div><pre>java.lang.Throwable: Method com.ibm.cloud.drautomation_sdk.dr_automation_service.v1.DrAutomationServiceIT.testListEvents() on instance com.ibm.cloud.drautomation_sdk.dr_automation_service.v1.DrAutomationServiceIT@41dd05a depends on not successfully finished methods 
[com.ibm.cloud.drautomation_sdk.dr_automation_service.v1.DrAutomationServiceIT.testGetLastOperation() on instance com.ibm.cloud.drautomation_sdk.dr_automation_service.v1.DrAutomationServiceIT@41dd05a]
	at java.base/java.util.ArrayList.forEach(ArrayList.java:1511)
... Removed 23 stack frames</pre></div><a href='#' onClick='toggleBox("stack-trace1970073944", this, "Click to show all stack frames", "Click to hide stack frames")'>Click to show all stack frames</a>
<div class='stack-trace' id='stack-trace1970073944'><pre>java.lang.Throwable: Method com.ibm.cloud.drautomation_sdk.dr_automation_service.v1.DrAutomationServiceIT.testListEvents() on instance com.ibm.cloud.drautomation_sdk.dr_automation_service.v1.DrAutomationServiceIT@41dd05a depends on not successfully finished methods 
[com.ibm.cloud.drautomation_sdk.dr_automation_service.v1.DrAutomationServiceIT.testGetLastOperation() on instance com.ibm.cloud.drautomation_sdk.dr_automation_service.v1.DrAutomationServiceIT@41dd05a]
	at org.testng.internal.invokers.TestInvoker.invokeTestMethods(TestInvoker.java:159)
	at org.testng.internal.invokers.TestMethodWorker.invokeTestMethods(TestMethodWorker.java:154)
	at org.testng.internal.invokers.TestMethodWorker.run(TestMethodWorker.java:134)
	at java.base/java.util.ArrayList.forEach(ArrayList.java:1511)
	at org.testng.TestRunner.privateRun(TestRunner.java:741)
	at org.testng.TestRunner.run(TestRunner.java:616)
	at org.testng.SuiteRunner.runTest(SuiteRunner.java:421)
	at org.testng.SuiteRunner.runSequentially(SuiteRunner.java:413)
	at org.testng.SuiteRunner.privateRun(SuiteRunner.java:373)
	at org.testng.SuiteRunner.run(SuiteRunner.java:312)
	at org.testng.SuiteRunnerWorker.runSuite(SuiteRunnerWorker.java:52)
	at org.testng.SuiteRunnerWorker.run(SuiteRunnerWorker.java:95)
	at org.testng.TestNG.runSuitesSequentially(TestNG.java:1274)
	at org.testng.TestNG.runSuitesLocally(TestNG.java:1208)
	at org.testng.TestNG.runSuites(TestNG.java:1112)
	at org.testng.TestNG.run(TestNG.java:1079)
	at org.apache.maven.surefire.testng.TestNGExecutor.run(TestNGExecutor.java:155)
	at org.apache.maven.surefire.testng.TestNGDirectoryTestSuite.executeSingleClass(TestNGDirectoryTestSuite.java:102)
	at org.apache.maven.surefire.testng.TestNGDirectoryTestSuite.execute(TestNGDirectoryTestSuite.java:91)
	at org.apache.maven.surefire.testng.TestNGProvider.invoke(TestNGProvider.java:137)
	at org.apache.maven.surefire.booter.ForkedBooter.runSuitesInProcess(ForkedBooter.java:385)
	at org.apache.maven.surefire.booter.ForkedBooter.execute(ForkedBooter.java:162)
	at org.apache.maven.surefire.booter.ForkedBooter.run(ForkedBooter.java:507)
	at org.apache.maven.surefire.booter.ForkedBooter.main(ForkedBooter.java:495)
</pre></div></td>
<td>0</td>
<td>com.ibm.cloud.drautomation_sdk.dr_automation_service.v1.DrAutomationServiceIT@41dd05a</td></tr>
<tr>
<td title='com.ibm.cloud.drautomation_sdk.dr_automation_service.v1.DrAutomationServiceIT.testGetDrLocations()'><b>testGetDrLocations</b><br>Test class: com.ibm.cloud.drautomation_sdk.dr_automation_service.v1.DrAutomationServiceIT</td>
<td><div><pre>java.lang.Throwable: Method com.ibm.cloud.drautomation_sdk.dr_automation_service.v1.DrAutomationServiceIT.testGetDrLocations() on instance com.ibm.cloud.drautomation_sdk.dr_automation_service.v1.DrAutomationServiceIT@41dd05a depends on not successfully finished methods 
[com.ibm.cloud.drautomation_sdk.dr_automation_service.v1.DrAutomationServiceIT.testGetDrGrsLocationPair() on instance com.ibm.cloud.drautomation_sdk.dr_automation_service.v1.DrAutomationServiceIT@41dd05a]
	at java.base/java.util.ArrayList.forEach(ArrayList.java:1511)
... Removed 23 stack frames</pre></div><a href='#' onClick='toggleBox("stack-trace295640874", this, "Click to show all stack frames", "Click to hide stack frames")'>Click to show all stack frames</a>
<div class='stack-trace' id='stack-trace295640874'><pre>java.lang.Throwable: Method com.ibm.cloud.drautomation_sdk.dr_automation_service.v1.DrAutomationServiceIT.testGetDrLocations() on instance com.ibm.cloud.drautomation_sdk.dr_automation_service.v1.DrAutomationServiceIT@41dd05a depends on not successfully finished methods 
[com.ibm.cloud.drautomation_sdk.dr_automation_service.v1.DrAutomationServiceIT.testGetDrGrsLocationPair() on instance com.ibm.cloud.drautomation_sdk.dr_automation_service.v1.DrAutomationServiceIT@41dd05a]
	at org.testng.internal.invokers.TestInvoker.invokeTestMethods(TestInvoker.java:159)
	at org.testng.internal.invokers.TestMethodWorker.invokeTestMethods(TestMethodWorker.java:154)
	at org.testng.internal.invokers.TestMethodWorker.run(TestMethodWorker.java:134)
	at java.base/java.util.ArrayList.forEach(ArrayList.java:1511)
	at org.testng.TestRunner.privateRun(TestRunner.java:741)
	at org.testng.TestRunner.run(TestRunner.java:616)
	at org.testng.SuiteRunner.runTest(SuiteRunner.java:421)
	at org.testng.SuiteRunner.runSequentially(SuiteRunner.java:413)
	at org.testng.SuiteRunner.privateRun(SuiteRunner.java:373)
	at org.testng.SuiteRunner.run(SuiteRunner.java:312)
	at org.testng.SuiteRunnerWorker.runSuite(SuiteRunnerWorker.java:52)
	at org.testng.SuiteRunnerWorker.run(SuiteRunnerWorker.java:95)
	at org.testng.TestNG.runSuitesSequentially(TestNG.java:1274)
	at org.testng.TestNG.runSuitesLocally(TestNG.java:1208)
	at org.testng.TestNG.runSuites(TestNG.java:1112)
	at org.testng.TestNG.run(TestNG.java:1079)
	at org.apache.maven.surefire.testng.TestNGExecutor.run(TestNGExecutor.java:155)
	at org.apache.maven.surefire.testng.TestNGDirectoryTestSuite.executeSingleClass(TestNGDirectoryTestSuite.java:102)
	at org.apache.maven.surefire.testng.TestNGDirectoryTestSuite.execute(TestNGDirectoryTestSuite.java:91)
	at org.apache.maven.surefire.testng.TestNGProvider.invoke(TestNGProvider.java:137)
	at org.apache.maven.surefire.booter.ForkedBooter.runSuitesInProcess(ForkedBooter.java:385)
	at org.apache.maven.surefire.booter.ForkedBooter.execute(ForkedBooter.java:162)
	at org.apache.maven.surefire.booter.ForkedBooter.run(ForkedBooter.java:507)
	at org.apache.maven.surefire.booter.ForkedBooter.main(ForkedBooter.java:495)
</pre></div></td>
<td>0</td>
<td>com.ibm.cloud.drautomation_sdk.dr_automation_service.v1.DrAutomationServiceIT@41dd05a</td></tr>
<tr>
<td title='com.ibm.cloud.drautomation_sdk.dr_automation_service.v1.DrAutomationServiceIT.testGetEvent()'><b>testGetEvent</b><br>Test class: com.ibm.cloud.drautomation_sdk.dr_automation_service.v1.DrAutomationServiceIT</td>
<td><div><pre>java.lang.Throwable: Method com.ibm.cloud.drautomation_sdk.dr_automation_service.v1.DrAutomationServiceIT.testGetEvent() on instance com.ibm.cloud.drautomation_sdk.dr_automation_service.v1.DrAutomationServiceIT@41dd05a depends on not successfully finished methods 
[com.ibm.cloud.drautomation_sdk.dr_automation_service.v1.DrAutomationServiceIT.testListEvents() on instance com.ibm.cloud.drautomation_sdk.dr_automation_service.v1.DrAutomationServiceIT@41dd05a]
	at java.base/java.util.ArrayList.forEach(ArrayList.java:1511)
... Removed 23 stack frames</pre></div><a href='#' onClick='toggleBox("stack-trace1060042118", this, "Click to show all stack frames", "Click to hide stack frames")'>Click to show all stack frames</a>
<div class='stack-trace' id='stack-trace1060042118'><pre>java.lang.Throwable: Method com.ibm.cloud.drautomation_sdk.dr_automation_service.v1.DrAutomationServiceIT.testGetEvent() on instance com.ibm.cloud.drautomation_sdk.dr_automation_service.v1.DrAutomationServiceIT@41dd05a depends on not successfully finished methods 
[com.ibm.cloud.drautomation_sdk.dr_automation_service.v1.DrAutomationServiceIT.testListEvents() on instance com.ibm.cloud.drautomation_sdk.dr_automation_service.v1.DrAutomationServiceIT@41dd05a]
	at org.testng.internal.invokers.TestInvoker.invokeTestMethods(TestInvoker.java:159)
	at org.testng.internal.invokers.TestMethodWorker.invokeTestMethods(TestMethodWorker.java:154)
	at org.testng.internal.invokers.TestMethodWorker.run(TestMethodWorker.java:134)
	at java.base/java.util.ArrayList.forEach(ArrayList.java:1511)
	at org.testng.TestRunner.privateRun(TestRunner.java:741)
	at org.testng.TestRunner.run(TestRunner.java:616)
	at org.testng.SuiteRunner.runTest(SuiteRunner.java:421)
	at org.testng.SuiteRunner.runSequentially(SuiteRunner.java:413)
	at org.testng.SuiteRunner.privateRun(SuiteRunner.java:373)
	at org.testng.SuiteRunner.run(SuiteRunner.java:312)
	at org.testng.SuiteRunnerWorker.runSuite(SuiteRunnerWorker.java:52)
	at org.testng.SuiteRunnerWorker.run(SuiteRunnerWorker.java:95)
	at org.testng.TestNG.runSuitesSequentially(TestNG.java:1274)
	at org.testng.TestNG.runSuitesLocally(TestNG.java:1208)
	at org.testng.TestNG.runSuites(TestNG.java:1112)
	at org.testng.TestNG.run(TestNG.java:1079)
	at org.apache.maven.surefire.testng.TestNGExecutor.run(TestNGExecutor.java:155)
	at org.apache.maven.surefire.testng.TestNGDirectoryTestSuite.executeSingleClass(TestNGDirectoryTestSuite.java:102)
	at org.apache.maven.surefire.testng.TestNGDirectoryTestSuite.execute(TestNGDirectoryTestSuite.java:91)
	at org.apache.maven.surefire.testng.TestNGProvider.invoke(TestNGProvider.java:137)
	at org.apache.maven.surefire.booter.ForkedBooter.runSuitesInProcess(ForkedBooter.java:385)
	at org.apache.maven.surefire.booter.ForkedBooter.execute(ForkedBooter.java:162)
	at org.apache.maven.surefire.booter.ForkedBooter.run(ForkedBooter.java:507)
	at org.apache.maven.surefire.booter.ForkedBooter.main(ForkedBooter.java:495)
</pre></div></td>
<td>0</td>
<td>com.ibm.cloud.drautomation_sdk.dr_automation_service.v1.DrAutomationServiceIT@41dd05a</td></tr>
<tr>
<td title='com.ibm.cloud.drautomation_sdk.dr_automation_service.v1.DrAutomationServiceIT.testUpdateApikey()'><b>testUpdateApikey</b><br>Test class: com.ibm.cloud.drautomation_sdk.dr_automation_service.v1.DrAutomationServiceIT</td>
<td><div><pre>org.testng.SkipException: Skipping test...
	at com.ibm.cloud.drautomation_sdk.test.SdkIntegrationTestBase.shouldSkipTest(SdkIntegrationTestBase.java:79)
	at java.base/java.util.ArrayList.forEach(ArrayList.java:1511)
... Removed 36 stack frames</pre></div><a href='#' onClick='toggleBox("stack-trace1971152916", this, "Click to show all stack frames", "Click to hide stack frames")'>Click to show all stack frames</a>
<div class='stack-trace' id='stack-trace1971152916'><pre>org.testng.SkipException: Skipping test...
	at com.ibm.cloud.drautomation_sdk.test.SdkIntegrationTestBase.shouldSkipTest(SdkIntegrationTestBase.java:79)
	at java.base/jdk.internal.reflect.NativeMethodAccessorImpl.invoke0(Native Method)
	at java.base/jdk.internal.reflect.NativeMethodAccessorImpl.invoke(NativeMethodAccessorImpl.java:77)
	at java.base/jdk.internal.reflect.DelegatingMethodAccessorImpl.invoke(DelegatingMethodAccessorImpl.java:43)
	at java.base/java.lang.reflect.Method.invoke(Method.java:569)
	at org.testng.internal.invokers.MethodInvocationHelper.invokeMethod(MethodInvocationHelper.java:141)
	at org.testng.internal.invokers.MethodInvocationHelper.invokeMethodConsideringTimeout(MethodInvocationHelper.java:71)
	at org.testng.internal.invokers.ConfigInvoker.invokeConfigurationMethod(ConfigInvoker.java:400)
	at org.testng.internal.invokers.ConfigInvoker.invokeConfigurations(ConfigInvoker.java:333)
	at org.testng.internal.invokers.TestInvoker.runConfigMethods(TestInvoker.java:836)
	at org.testng.internal.invokers.TestInvoker.invokeMethod(TestInvoker.java:601)
	at org.testng.internal.invokers.TestInvoker.invokeTestMethod(TestInvoker.java:230)
	at org.testng.internal.invokers.MethodRunner.runInSequence(MethodRunner.java:63)
	at org.testng.internal.invokers.TestInvoker$MethodInvocationAgent.invoke(TestInvoker.java:995)
	at org.testng.internal.invokers.TestInvoker.invokeTestMethods(TestInvoker.java:203)
	at org.testng.internal.invokers.TestMethodWorker.invokeTestMethods(TestMethodWorker.java:154)
	at org.testng.internal.invokers.TestMethodWorker.run(TestMethodWorker.java:134)
	at java.base/java.util.ArrayList.forEach(ArrayList.java:1511)
	at org.testng.TestRunner.privateRun(TestRunner.java:741)
	at org.testng.TestRunner.run(TestRunner.java:616)
	at org.testng.SuiteRunner.runTest(SuiteRunner.java:421)
	at org.testng.SuiteRunner.runSequentially(SuiteRunner.java:413)
	at org.testng.SuiteRunner.privateRun(SuiteRunner.java:373)
	at org.testng.SuiteRunner.run(SuiteRunner.java:312)
	at org.testng.SuiteRunnerWorker.runSuite(SuiteRunnerWorker.java:52)
	at org.testng.SuiteRunnerWorker.run(SuiteRunnerWorker.java:95)
	at org.testng.TestNG.runSuitesSequentially(TestNG.java:1274)
	at org.testng.TestNG.runSuitesLocally(TestNG.java:1208)
	at org.testng.TestNG.runSuites(TestNG.java:1112)
	at org.testng.TestNG.run(TestNG.java:1079)
	at org.apache.maven.surefire.testng.TestNGExecutor.run(TestNGExecutor.java:155)
	at org.apache.maven.surefire.testng.TestNGDirectoryTestSuite.executeSingleClass(TestNGDirectoryTestSuite.java:102)
	at org.apache.maven.surefire.testng.TestNGDirectoryTestSuite.execute(TestNGDirectoryTestSuite.java:91)
	at org.apache.maven.surefire.testng.TestNGProvider.invoke(TestNGProvider.java:137)
	at org.apache.maven.surefire.booter.ForkedBooter.runSuitesInProcess(ForkedBooter.java:385)
	at org.apache.maven.surefire.booter.ForkedBooter.execute(ForkedBooter.java:162)
	at org.apache.maven.surefire.booter.ForkedBooter.run(ForkedBooter.java:507)
	at org.apache.maven.surefire.booter.ForkedBooter.main(ForkedBooter.java:495)
</pre></div></td>
<td>0</td>
<td>com.ibm.cloud.drautomation_sdk.dr_automation_service.v1.DrAutomationServiceIT@41dd05a</td></tr>
<tr>
<td title='com.ibm.cloud.drautomation_sdk.dr_automation_service.v1.DrAutomationServiceIT.testGetMachineType()'><b>testGetMachineType</b><br>Test class: com.ibm.cloud.drautomation_sdk.dr_automation_service.v1.DrAutomationServiceIT</td>
<td><div><pre>java.lang.Throwable: Method com.ibm.cloud.drautomation_sdk.dr_automation_service.v1.DrAutomationServiceIT.testGetMachineType() on instance com.ibm.cloud.drautomation_sdk.dr_automation_service.v1.DrAutomationServiceIT@41dd05a depends on not successfully finished methods 
[com.ibm.cloud.drautomation_sdk.dr_automation_service.v1.DrAutomationServiceIT.testGetDrSummary() on instance com.ibm.cloud.drautomation_sdk.dr_automation_service.v1.DrAutomationServiceIT@41dd05a]
	at java.base/java.util.ArrayList.forEach(ArrayList.java:1511)
... Removed 23 stack frames</pre></div><a href='#' onClick='toggleBox("stack-trace2144644334", this, "Click to show all stack frames", "Click to hide stack frames")'>Click to show all stack frames</a>
<div class='stack-trace' id='stack-trace2144644334'><pre>java.lang.Throwable: Method com.ibm.cloud.drautomation_sdk.dr_automation_service.v1.DrAutomationServiceIT.testGetMachineType() on instance com.ibm.cloud.drautomation_sdk.dr_automation_service.v1.DrAutomationServiceIT@41dd05a depends on not successfully finished methods 
[com.ibm.cloud.drautomation_sdk.dr_automation_service.v1.DrAutomationServiceIT.testGetDrSummary() on instance com.ibm.cloud.drautomation_sdk.dr_automation_service.v1.DrAutomationServiceIT@41dd05a]
	at org.testng.internal.invokers.TestInvoker.invokeTestMethods(TestInvoker.java:159)
	at org.testng.internal.invokers.TestMethodWorker.invokeTestMethods(TestMethodWorker.java:154)
	at org.testng.internal.invokers.TestMethodWorker.run(TestMethodWorker.java:134)
	at java.base/java.util.ArrayList.forEach(ArrayList.java:1511)
	at org.testng.TestRunner.privateRun(TestRunner.java:741)
	at org.testng.TestRunner.run(TestRunner.java:616)
	at org.testng.SuiteRunner.runTest(SuiteRunner.java:421)
	at org.testng.SuiteRunner.runSequentially(SuiteRunner.java:413)
	at org.testng.SuiteRunner.privateRun(SuiteRunner.java:373)
	at org.testng.SuiteRunner.run(SuiteRunner.java:312)
	at org.testng.SuiteRunnerWorker.runSuite(SuiteRunnerWorker.java:52)
	at org.testng.SuiteRunnerWorker.run(SuiteRunnerWorker.java:95)
	at org.testng.TestNG.runSuitesSequentially(TestNG.java:1274)
	at org.testng.TestNG.runSuitesLocally(TestNG.java:1208)
	at org.testng.TestNG.runSuites(TestNG.java:1112)
	at org.testng.TestNG.run(TestNG.java:1079)
	at org.apache.maven.surefire.testng.TestNGExecutor.run(TestNGExecutor.java:155)
	at org.apache.maven.surefire.testng.TestNGDirectoryTestSuite.executeSingleClass(TestNGDirectoryTestSuite.java:102)
	at org.apache.maven.surefire.testng.TestNGDirectoryTestSuite.execute(TestNGDirectoryTestSuite.java:91)
	at org.apache.maven.surefire.testng.TestNGProvider.invoke(TestNGProvider.java:137)
	at org.apache.maven.surefire.booter.ForkedBooter.runSuitesInProcess(ForkedBooter.java:385)
	at org.apache.maven.surefire.booter.ForkedBooter.execute(ForkedBooter.java:162)
	at org.apache.maven.surefire.booter.ForkedBooter.run(ForkedBooter.java:507)
	at org.apache.maven.surefire.booter.ForkedBooter.main(ForkedBooter.java:495)
</pre></div></td>
<td>0</td>
<td>com.ibm.cloud.drautomation_sdk.dr_automation_service.v1.DrAutomationServiceIT@41dd05a</td></tr>
<tr>
<td title='com.ibm.cloud.drautomation_sdk.dr_automation_service.v1.DrAutomationServiceIT.testGetPowervsWorkspaces()'><b>testGetPowervsWorkspaces</b><br>Test class: com.ibm.cloud.drautomation_sdk.dr_automation_service.v1.DrAutomationServiceIT</td>
<td><div><pre>java.lang.Throwable: Method com.ibm.cloud.drautomation_sdk.dr_automation_service.v1.DrAutomationServiceIT.testGetPowervsWorkspaces() on instance com.ibm.cloud.drautomation_sdk.dr_automation_service.v1.DrAutomationServiceIT@41dd05a depends on not successfully finished methods 
[com.ibm.cloud.drautomation_sdk.dr_automation_service.v1.DrAutomationServiceIT.testGetMachineType() on instance com.ibm.cloud.drautomation_sdk.dr_automation_service.v1.DrAutomationServiceIT@41dd05a]
	at java.base/java.util.ArrayList.forEach(ArrayList.java:1511)
... Removed 23 stack frames</pre></div><a href='#' onClick='toggleBox("stack-trace375097969", this, "Click to show all stack frames", "Click to hide stack frames")'>Click to show all stack frames</a>
<div class='stack-trace' id='stack-trace375097969'><pre>java.lang.Throwable: Method com.ibm.cloud.drautomation_sdk.dr_automation_service.v1.DrAutomationServiceIT.testGetPowervsWorkspaces() on instance com.ibm.cloud.drautomation_sdk.dr_automation_service.v1.DrAutomationServiceIT@41dd05a depends on not successfully finished methods 
[com.ibm.cloud.drautomation_sdk.dr_automation_service.v1.DrAutomationServiceIT.testGetMachineType() on instance com.ibm.cloud.drautomation_sdk.dr_automation_service.v1.DrAutomationServiceIT@41dd05a]
	at org.testng.internal.invokers.TestInvoker.invokeTestMethods(TestInvoker.java:159)
	at org.testng.internal.invokers.TestMethodWorker.invokeTestMethods(TestMethodWorker.java:154)
	at org.testng.internal.invokers.TestMethodWorker.run(TestMethodWorker.java:134)
	at java.base/java.util.ArrayList.forEach(ArrayList.java:1511)
	at org.testng.TestRunner.privateRun(TestRunner.java:741)
	at org.testng.TestRunner.run(TestRunner.java:616)
	at org.testng.SuiteRunner.runTest(SuiteRunner.java:421)
	at org.testng.SuiteRunner.runSequentially(SuiteRunner.java:413)
	at org.testng.SuiteRunner.privateRun(SuiteRunner.java:373)
	at org.testng.SuiteRunner.run(SuiteRunner.java:312)
	at org.testng.SuiteRunnerWorker.runSuite(SuiteRunnerWorker.java:52)
	at org.testng.SuiteRunnerWorker.run(SuiteRunnerWorker.java:95)
	at org.testng.TestNG.runSuitesSequentially(TestNG.java:1274)
	at org.testng.TestNG.runSuitesLocally(TestNG.java:1208)
	at org.testng.TestNG.runSuites(TestNG.java:1112)
	at org.testng.TestNG.run(TestNG.java:1079)
	at org.apache.maven.surefire.testng.TestNGExecutor.run(TestNGExecutor.java:155)
	at org.apache.maven.surefire.testng.TestNGDirectoryTestSuite.executeSingleClass(TestNGDirectoryTestSuite.java:102)
	at org.apache.maven.surefire.testng.TestNGDirectoryTestSuite.execute(TestNGDirectoryTestSuite.java:91)
	at org.apache.maven.surefire.testng.TestNGProvider.invoke(TestNGProvider.java:137)
	at org.apache.maven.surefire.booter.ForkedBooter.runSuitesInProcess(ForkedBooter.java:385)
	at org.apache.maven.surefire.booter.ForkedBooter.execute(ForkedBooter.java:162)
	at org.apache.maven.surefire.booter.ForkedBooter.run(ForkedBooter.java:507)
	at org.apache.maven.surefire.booter.ForkedBooter.main(ForkedBooter.java:495)
</pre></div></td>
<td>0</td>
<td>com.ibm.cloud.drautomation_sdk.dr_automation_service.v1.DrAutomationServiceIT@41dd05a</td></tr>
<tr>
<td title='com.ibm.cloud.drautomation_sdk.dr_automation_service.v1.DrAutomationServiceIT.testGetDrManagedVm()'><b>testGetDrManagedVm</b><br>Test class: com.ibm.cloud.drautomation_sdk.dr_automation_service.v1.DrAutomationServiceIT</td>
<td><div><pre>java.lang.Throwable: Method com.ibm.cloud.drautomation_sdk.dr_automation_service.v1.DrAutomationServiceIT.testGetDrManagedVm() on instance com.ibm.cloud.drautomation_sdk.dr_automation_service.v1.DrAutomationServiceIT@41dd05a depends on not successfully finished methods 
[com.ibm.cloud.drautomation_sdk.dr_automation_service.v1.DrAutomationServiceIT.testGetDrLocations() on instance com.ibm.cloud.drautomation_sdk.dr_automation_service.v1.DrAutomationServiceIT@41dd05a]
	at java.base/java.util.ArrayList.forEach(ArrayList.java:1511)
... Removed 23 stack frames</pre></div><a href='#' onClick='toggleBox("stack-trace438151297", this, "Click to show all stack frames", "Click to hide stack frames")'>Click to show all stack frames</a>
<div class='stack-trace' id='stack-trace438151297'><pre>java.lang.Throwable: Method com.ibm.cloud.drautomation_sdk.dr_automation_service.v1.DrAutomationServiceIT.testGetDrManagedVm() on instance com.ibm.cloud.drautomation_sdk.dr_automation_service.v1.DrAutomationServiceIT@41dd05a depends on not successfully finished methods 
[com.ibm.cloud.drautomation_sdk.dr_automation_service.v1.DrAutomationServiceIT.testGetDrLocations() on instance com.ibm.cloud.drautomation_sdk.dr_automation_service.v1.DrAutomationServiceIT@41dd05a]
	at org.testng.internal.invokers.TestInvoker.invokeTestMethods(TestInvoker.java:159)
	at org.testng.internal.invokers.TestMethodWorker.invokeTestMethods(TestMethodWorker.java:154)
	at org.testng.internal.invokers.TestMethodWorker.run(TestMethodWorker.java:134)
	at java.base/java.util.ArrayList.forEach(ArrayList.java:1511)
	at org.testng.TestRunner.privateRun(TestRunner.java:741)
	at org.testng.TestRunner.run(TestRunner.java:616)
	at org.testng.SuiteRunner.runTest(SuiteRunner.java:421)
	at org.testng.SuiteRunner.runSequentially(SuiteRunner.java:413)
	at org.testng.SuiteRunner.privateRun(SuiteRunner.java:373)
	at org.testng.SuiteRunner.run(SuiteRunner.java:312)
	at org.testng.SuiteRunnerWorker.runSuite(SuiteRunnerWorker.java:52)
	at org.testng.SuiteRunnerWorker.run(SuiteRunnerWorker.java:95)
	at org.testng.TestNG.runSuitesSequentially(TestNG.java:1274)
	at org.testng.TestNG.runSuitesLocally(TestNG.java:1208)
	at org.testng.TestNG.runSuites(TestNG.java:1112)
	at org.testng.TestNG.run(TestNG.java:1079)
	at org.apache.maven.surefire.testng.TestNGExecutor.run(TestNGExecutor.java:155)
	at org.apache.maven.surefire.testng.TestNGDirectoryTestSuite.executeSingleClass(TestNGDirectoryTestSuite.java:102)
	at org.apache.maven.surefire.testng.TestNGDirectoryTestSuite.execute(TestNGDirectoryTestSuite.java:91)
	at org.apache.maven.surefire.testng.TestNGProvider.invoke(TestNGProvider.java:137)
	at org.apache.maven.surefire.booter.ForkedBooter.runSuitesInProcess(ForkedBooter.java:385)
	at org.apache.maven.surefire.booter.ForkedBooter.execute(ForkedBooter.java:162)
	at org.apache.maven.surefire.booter.ForkedBooter.run(ForkedBooter.java:507)
	at org.apache.maven.surefire.booter.ForkedBooter.main(ForkedBooter.java:495)
</pre></div></td>
<td>0</td>
<td>com.ibm.cloud.drautomation_sdk.dr_automation_service.v1.DrAutomationServiceIT@41dd05a</td></tr>
<tr>
<td title='com.ibm.cloud.drautomation_sdk.dr_automation_service.v1.DrAutomationServiceIT.testGetDrGrsLocationPair()'><b>testGetDrGrsLocationPair</b><br>Test class: com.ibm.cloud.drautomation_sdk.dr_automation_service.v1.DrAutomationServiceIT</td>
<td><div><pre>java.lang.Throwable: Method com.ibm.cloud.drautomation_sdk.dr_automation_service.v1.DrAutomationServiceIT.testGetDrGrsLocationPair() on instance com.ibm.cloud.drautomation_sdk.dr_automation_service.v1.DrAutomationServiceIT@41dd05a depends on not successfully finished methods 
[com.ibm.cloud.drautomation_sdk.dr_automation_service.v1.DrAutomationServiceIT.testUpdateApikey() on instance com.ibm.cloud.drautomation_sdk.dr_automation_service.v1.DrAutomationServiceIT@41dd05a]
	at java.base/java.util.ArrayList.forEach(ArrayList.java:1511)
... Removed 23 stack frames</pre></div><a href='#' onClick='toggleBox("stack-trace1023996917", this, "Click to show all stack frames", "Click to hide stack frames")'>Click to show all stack frames</a>
<div class='stack-trace' id='stack-trace1023996917'><pre>java.lang.Throwable: Method com.ibm.cloud.drautomation_sdk.dr_automation_service.v1.DrAutomationServiceIT.testGetDrGrsLocationPair() on instance com.ibm.cloud.drautomation_sdk.dr_automation_service.v1.DrAutomationServiceIT@41dd05a depends on not successfully finished methods 
[com.ibm.cloud.drautomation_sdk.dr_automation_service.v1.DrAutomationServiceIT.testUpdateApikey() on instance com.ibm.cloud.drautomation_sdk.dr_automation_service.v1.DrAutomationServiceIT@41dd05a]
	at org.testng.internal.invokers.TestInvoker.invokeTestMethods(TestInvoker.java:159)
	at org.testng.internal.invokers.TestMethodWorker.invokeTestMethods(TestMethodWorker.java:154)
	at org.testng.internal.invokers.TestMethodWorker.run(TestMethodWorker.java:134)
	at java.base/java.util.ArrayList.forEach(ArrayList.java:1511)
	at org.testng.TestRunner.privateRun(TestRunner.java:741)
	at org.testng.TestRunner.run(TestRunner.java:616)
	at org.testng.SuiteRunner.runTest(SuiteRunner.java:421)
	at org.testng.SuiteRunner.runSequentially(SuiteRunner.java:413)
	at org.testng.SuiteRunner.privateRun(SuiteRunner.java:373)
	at org.testng.SuiteRunner.run(SuiteRunner.java:312)
	at org.testng.SuiteRunnerWorker.runSuite(SuiteRunnerWorker.java:52)
	at org.testng.SuiteRunnerWorker.run(SuiteRunnerWorker.java:95)
	at org.testng.TestNG.runSuitesSequentially(TestNG.java:1274)
	at org.testng.TestNG.runSuitesLocally(TestNG.java:1208)
	at org.testng.TestNG.runSuites(TestNG.java:1112)
	at org.testng.TestNG.run(TestNG.java:1079)
	at org.apache.maven.surefire.testng.TestNGExecutor.run(TestNGExecutor.java:155)
	at org.apache.maven.surefire.testng.TestNGDirectoryTestSuite.executeSingleClass(TestNGDirectoryTestSuite.java:102)
	at org.apache.maven.surefire.testng.TestNGDirectoryTestSuite.execute(TestNGDirectoryTestSuite.java:91)
	at org.apache.maven.surefire.testng.TestNGProvider.invoke(TestNGProvider.java:137)
	at org.apache.maven.surefire.booter.ForkedBooter.runSuitesInProcess(ForkedBooter.java:385)
	at org.apache.maven.surefire.booter.ForkedBooter.execute(ForkedBooter.java:162)
	at org.apache.maven.surefire.booter.ForkedBooter.run(ForkedBooter.java:507)
	at org.apache.maven.surefire.booter.ForkedBooter.main(ForkedBooter.java:495)
</pre></div></td>
<td>0</td>
<td>com.ibm.cloud.drautomation_sdk.dr_automation_service.v1.DrAutomationServiceIT@41dd05a</td></tr>
<tr>
<td title='com.ibm.cloud.drautomation_sdk.dr_automation_service.v1.DrAutomationServiceIT.testGetDrSummary()'><b>testGetDrSummary</b><br>Test class: com.ibm.cloud.drautomation_sdk.dr_automation_service.v1.DrAutomationServiceIT</td>
<td><div><pre>java.lang.Throwable: Method com.ibm.cloud.drautomation_sdk.dr_automation_service.v1.DrAutomationServiceIT.testGetDrSummary() on instance com.ibm.cloud.drautomation_sdk.dr_automation_service.v1.DrAutomationServiceIT@41dd05a depends on not successfully finished methods 
[com.ibm.cloud.drautomation_sdk.dr_automation_service.v1.DrAutomationServiceIT.testGetDrManagedVm() on instance com.ibm.cloud.drautomation_sdk.dr_automation_service.v1.DrAutomationServiceIT@41dd05a]
	at java.base/java.util.ArrayList.forEach(ArrayList.java:1511)
... Removed 23 stack frames</pre></div><a href='#' onClick='toggleBox("stack-trace96039159", this, "Click to show all stack frames", "Click to hide stack frames")'>Click to show all stack frames</a>
<div class='stack-trace' id='stack-trace96039159'><pre>java.lang.Throwable: Method com.ibm.cloud.drautomation_sdk.dr_automation_service.v1.DrAutomationServiceIT.testGetDrSummary() on instance com.ibm.cloud.drautomation_sdk.dr_automation_service.v1.DrAutomationServiceIT@41dd05a depends on not successfully finished methods 
[com.ibm.cloud.drautomation_sdk.dr_automation_service.v1.DrAutomationServiceIT.testGetDrManagedVm() on instance com.ibm.cloud.drautomation_sdk.dr_automation_service.v1.DrAutomationServiceIT@41dd05a]
	at org.testng.internal.invokers.TestInvoker.invokeTestMethods(TestInvoker.java:159)
	at org.testng.internal.invokers.TestMethodWorker.invokeTestMethods(TestMethodWorker.java:154)
	at org.testng.internal.invokers.TestMethodWorker.run(TestMethodWorker.java:134)
	at java.base/java.util.ArrayList.forEach(ArrayList.java:1511)
	at org.testng.TestRunner.privateRun(TestRunner.java:741)
	at org.testng.TestRunner.run(TestRunner.java:616)
	at org.testng.SuiteRunner.runTest(SuiteRunner.java:421)
	at org.testng.SuiteRunner.runSequentially(SuiteRunner.java:413)
	at org.testng.SuiteRunner.privateRun(SuiteRunner.java:373)
	at org.testng.SuiteRunner.run(SuiteRunner.java:312)
	at org.testng.SuiteRunnerWorker.runSuite(SuiteRunnerWorker.java:52)
	at org.testng.SuiteRunnerWorker.run(SuiteRunnerWorker.java:95)
	at org.testng.TestNG.runSuitesSequentially(TestNG.java:1274)
	at org.testng.TestNG.runSuitesLocally(TestNG.java:1208)
	at org.testng.TestNG.runSuites(TestNG.java:1112)
	at org.testng.TestNG.run(TestNG.java:1079)
	at org.apache.maven.surefire.testng.TestNGExecutor.run(TestNGExecutor.java:155)
	at org.apache.maven.surefire.testng.TestNGDirectoryTestSuite.executeSingleClass(TestNGDirectoryTestSuite.java:102)
	at org.apache.maven.surefire.testng.TestNGDirectoryTestSuite.execute(TestNGDirectoryTestSuite.java:91)
	at org.apache.maven.surefire.testng.TestNGProvider.invoke(TestNGProvider.java:137)
	at org.apache.maven.surefire.booter.ForkedBooter.runSuitesInProcess(ForkedBooter.java:385)
	at org.apache.maven.surefire.booter.ForkedBooter.execute(ForkedBooter.java:162)
	at org.apache.maven.surefire.booter.ForkedBooter.run(ForkedBooter.java:507)
	at org.apache.maven.surefire.booter.ForkedBooter.main(ForkedBooter.java:495)
</pre></div></td>
<td>0</td>
<td>com.ibm.cloud.drautomation_sdk.dr_automation_service.v1.DrAutomationServiceIT@41dd05a</td></tr>
<tr>
<td title='com.ibm.cloud.drautomation_sdk.dr_automation_service.v1.DrAutomationServiceIT.testCreateManageDr()'><b>testCreateManageDr</b><br>Test class: com.ibm.cloud.drautomation_sdk.dr_automation_service.v1.DrAutomationServiceIT</td>
<td><div><pre>java.lang.Throwable: Method com.ibm.cloud.drautomation_sdk.dr_automation_service.v1.DrAutomationServiceIT.testCreateManageDr() on instance com.ibm.cloud.drautomation_sdk.dr_automation_service.v1.DrAutomationServiceIT@41dd05a depends on not successfully finished methods 
[com.ibm.cloud.drautomation_sdk.dr_automation_service.v1.DrAutomationServiceIT.testGetPowervsWorkspaces() on instance com.ibm.cloud.drautomation_sdk.dr_automation_service.v1.DrAutomationServiceIT@41dd05a]
	at java.base/java.util.ArrayList.forEach(ArrayList.java:1511)
... Removed 23 stack frames</pre></div><a href='#' onClick='toggleBox("stack-trace1635082651", this, "Click to show all stack frames", "Click to hide stack frames")'>Click to show all stack frames</a>
<div class='stack-trace' id='stack-trace1635082651'><pre>java.lang.Throwable: Method com.ibm.cloud.drautomation_sdk.dr_automation_service.v1.DrAutomationServiceIT.testCreateManageDr() on instance com.ibm.cloud.drautomation_sdk.dr_automation_service.v1.DrAutomationServiceIT@41dd05a depends on not successfully finished methods 
[com.ibm.cloud.drautomation_sdk.dr_automation_service.v1.DrAutomationServiceIT.testGetPowervsWorkspaces() on instance com.ibm.cloud.drautomation_sdk.dr_automation_service.v1.DrAutomationServiceIT@41dd05a]
	at org.testng.internal.invokers.TestInvoker.invokeTestMethods(TestInvoker.java:159)
	at org.testng.internal.invokers.TestMethodWorker.invokeTestMethods(TestMethodWorker.java:154)
	at org.testng.internal.invokers.TestMethodWorker.run(TestMethodWorker.java:134)
	at java.base/java.util.ArrayList.forEach(ArrayList.java:1511)
	at org.testng.TestRunner.privateRun(TestRunner.java:741)
	at org.testng.TestRunner.run(TestRunner.java:616)
	at org.testng.SuiteRunner.runTest(SuiteRunner.java:421)
	at org.testng.SuiteRunner.runSequentially(SuiteRunner.java:413)
	at org.testng.SuiteRunner.privateRun(SuiteRunner.java:373)
	at org.testng.SuiteRunner.run(SuiteRunner.java:312)
	at org.testng.SuiteRunnerWorker.runSuite(SuiteRunnerWorker.java:52)
	at org.testng.SuiteRunnerWorker.run(SuiteRunnerWorker.java:95)
	at org.testng.TestNG.runSuitesSequentially(TestNG.java:1274)
	at org.testng.TestNG.runSuitesLocally(TestNG.java:1208)
	at org.testng.TestNG.runSuites(TestNG.java:1112)
	at org.testng.TestNG.run(TestNG.java:1079)
	at org.apache.maven.surefire.testng.TestNGExecutor.run(TestNGExecutor.java:155)
	at org.apache.maven.surefire.testng.TestNGDirectoryTestSuite.executeSingleClass(TestNGDirectoryTestSuite.java:102)
	at org.apache.maven.surefire.testng.TestNGDirectoryTestSuite.execute(TestNGDirectoryTestSuite.java:91)
	at org.apache.maven.surefire.testng.TestNGProvider.invoke(TestNGProvider.java:137)
	at org.apache.maven.surefire.booter.ForkedBooter.runSuitesInProcess(ForkedBooter.java:385)
	at org.apache.maven.surefire.booter.ForkedBooter.execute(ForkedBooter.java:162)
	at org.apache.maven.surefire.booter.ForkedBooter.run(ForkedBooter.java:507)
	at org.apache.maven.surefire.booter.ForkedBooter.main(ForkedBooter.java:495)
</pre></div></td>
<td>0</td>
<td>com.ibm.cloud.drautomation_sdk.dr_automation_service.v1.DrAutomationServiceIT@41dd05a</td></tr>
<tr>
<td title='com.ibm.cloud.drautomation_sdk.dr_automation_service.v1.DrAutomationServiceIT.testGetLastOperation()'><b>testGetLastOperation</b><br>Test class: com.ibm.cloud.drautomation_sdk.dr_automation_service.v1.DrAutomationServiceIT</td>
<td><div><pre>java.lang.Throwable: Method com.ibm.cloud.drautomation_sdk.dr_automation_service.v1.DrAutomationServiceIT.testGetLastOperation() on instance com.ibm.cloud.drautomation_sdk.dr_automation_service.v1.DrAutomationServiceIT@41dd05a depends on not successfully finished methods 
[com.ibm.cloud.drautomation_sdk.dr_automation_service.v1.DrAutomationServiceIT.testCreateManageDr() on instance com.ibm.cloud.drautomation_sdk.dr_automation_service.v1.DrAutomationServiceIT@41dd05a]
	at java.base/java.util.ArrayList.forEach(ArrayList.java:1511)
... Removed 23 stack frames</pre></div><a href='#' onClick='toggleBox("stack-trace788892554", this, "Click to show all stack frames", "Click to hide stack frames")'>Click to show all stack frames</a>
<div class='stack-trace' id='stack-trace788892554'><pre>java.lang.Throwable: Method com.ibm.cloud.drautomation_sdk.dr_automation_service.v1.DrAutomationServiceIT.testGetLastOperation() on instance com.ibm.cloud.drautomation_sdk.dr_automation_service.v1.DrAutomationServiceIT@41dd05a depends on not successfully finished methods 
[com.ibm.cloud.drautomation_sdk.dr_automation_service.v1.DrAutomationServiceIT.testCreateManageDr() on instance com.ibm.cloud.drautomation_sdk.dr_automation_service.v1.DrAutomationServiceIT@41dd05a]
	at org.testng.internal.invokers.TestInvoker.invokeTestMethods(TestInvoker.java:159)
	at org.testng.internal.invokers.TestMethodWorker.invokeTestMethods(TestMethodWorker.java:154)
	at org.testng.internal.invokers.TestMethodWorker.run(TestMethodWorker.java:134)
	at java.base/java.util.ArrayList.forEach(ArrayList.java:1511)
	at org.testng.TestRunner.privateRun(TestRunner.java:741)
	at org.testng.TestRunner.run(TestRunner.java:616)
	at org.testng.SuiteRunner.runTest(SuiteRunner.java:421)
	at org.testng.SuiteRunner.runSequentially(SuiteRunner.java:413)
	at org.testng.SuiteRunner.privateRun(SuiteRunner.java:373)
	at org.testng.SuiteRunner.run(SuiteRunner.java:312)
	at org.testng.SuiteRunnerWorker.runSuite(SuiteRunnerWorker.java:52)
	at org.testng.SuiteRunnerWorker.run(SuiteRunnerWorker.java:95)
	at org.testng.TestNG.runSuitesSequentially(TestNG.java:1274)
	at org.testng.TestNG.runSuitesLocally(TestNG.java:1208)
	at org.testng.TestNG.runSuites(TestNG.java:1112)
	at org.testng.TestNG.run(TestNG.java:1079)
	at org.apache.maven.surefire.testng.TestNGExecutor.run(TestNGExecutor.java:155)
	at org.apache.maven.surefire.testng.TestNGDirectoryTestSuite.executeSingleClass(TestNGDirectoryTestSuite.java:102)
	at org.apache.maven.surefire.testng.TestNGDirectoryTestSuite.execute(TestNGDirectoryTestSuite.java:91)
	at org.apache.maven.surefire.testng.TestNGProvider.invoke(TestNGProvider.java:137)
	at org.apache.maven.surefire.booter.ForkedBooter.runSuitesInProcess(ForkedBooter.java:385)
	at org.apache.maven.surefire.booter.ForkedBooter.execute(ForkedBooter.java:162)
	at org.apache.maven.surefire.booter.ForkedBooter.run(ForkedBooter.java:507)
	at org.apache.maven.surefire.booter.ForkedBooter.main(ForkedBooter.java:495)
</pre></div></td>
<td>0</td>
<td>com.ibm.cloud.drautomation_sdk.dr_automation_service.v1.DrAutomationServiceIT@41dd05a</td></tr>
</table><p>
</body>
</html>