<?xml version="1.0" encoding="UTF-8"?>
<testsuite xmlns:xsi="http://www.w3.org/2001/XMLSchema-instance" xsi:noNamespaceSchemaLocation="https://maven.apache.org/surefire/maven-surefire-plugin/xsd/surefire-test-report-3.0.xsd" version="3.0" name="TestSuite" time="2.499" tests="84" errors="0" skipped="0" failures="0">
  <properties>
[...]
</properties>
  <testcase name="testManagedVmMapResponse" classname="com.ibm.cloud.drautomation_sdk.dr_automation_service.v1.model.ManagedVmMapResponseTest" time="0.014"/>
  <testcase name="testGetSchematicWorkspaceOptions" classname="com.ibm.cloud.drautomation_sdk.dr_automation_service.v1.model.GetSchematicWorkspaceOptionsTest" time="0.002"/>
  <testcase name="testGetSchematicWorkspaceOptionsError" classname="com.ibm.cloud.drautomation_sdk.dr_automation_service.v1.model.GetSchematicWorkspaceOptionsTest" time="0.0"/>
  <testcase name="testCreateManageDrOptions" classname="com.ibm.cloud.drautomation_sdk.dr_automation_service.v1.model.CreateManageDrOptionsTest" time="0.003"/>
  <testcase name="testCreateManageDrOptionsError" classname="com.ibm.cloud.drautomation_sdk.dr_automation_service.v1.model.CreateManageDrOptionsTest" time="0.0"/>
  <testcase name="testGetDrGrsLocationPairOptions" classname="com.ibm.cloud.drautomation_sdk.dr_automation_service.v1.model.GetDrGrsLocationPairOptionsTest" time="0.001"/>
  <testcase name="testGetDrGrsLocationPairOptionsError" classname="com.ibm.cloud.drautomation_sdk.dr_automation_service.v1.model.GetDrGrsLocationPairOptionsTest" time="0.001"/>
  <testcase name="testLocationDr" classname="com.ibm.cloud.drautomation_sdk.dr_automation_service.v1.model.LocationDrTest" time="0.0"/>
  <testcase name="testGetEventOptions" classname="com.ibm.cloud.drautomation_sdk.dr_automation_service.v1.model.GetEventOptionsTest" time="0.002"/>
  <testcase name="testGetEventOptionsError" classname="com.ibm.cloud.drautomation_sdk.dr_automation_service.v1.model.GetEventOptionsTest" time="0.001"/>
  <testcase name="testGetMachineTypeOptions" classname="com.ibm.cloud.drautomation_sdk.dr_automation_service.v1.model.GetMachineTypeOptionsTest" time="0.001"/>
  <testcase name="testGetMachineTypeOptionsError" classname="com.ibm.cloud.drautomation_sdk.dr_automation_service.v1.model.GetMachineTypeOptionsTest" time="0.0"/>
  <testcase name="testManagedVmDetails" classname="com.ibm.cloud.drautomation_sdk.dr_automation_service.v1.model.ManagedVmDetailsTest" time="0.001"/>
  <testcase name="testOrchestratorDetails" classname="com.ibm.cloud.drautomation_sdk.dr_automation_service.v1.model.OrchestratorDetailsTest" time="0.001"/>
  <testcase name="testGetGRSLocationPairResponse" classname="com.ibm.cloud.drautomation_sdk.dr_automation_service.v1.model.GetGRSLocationPairResponseTest" time="0.001"/>
  <testcase name="testDrAutomationGetSummaryResponse" classname="com.ibm.cloud.drautomation_sdk.dr_automation_service.v1.model.DrAutomationGetSummaryResponseTest" time="0.001"/>
  <testcase name="testServiceInstanceStatus" classname="com.ibm.cloud.drautomation_sdk.dr_automation_service.v1.model.ServiceInstanceStatusTest" time="0.002"/>
  <testcase name="testEventUser" classname="com.ibm.cloud.drautomation_sdk.dr_automation_service.v1.model.EventUserTest" time="0.0"/>
  <testcase name="testDrLocation" classname="com.ibm.cloud.drautomation_sdk.dr_automation_service.v1.model.DrLocationTest" time="0.001"/>
  <testcase name="testGetLastOperationOptions" classname="com.ibm.cloud.drautomation_sdk.dr_automation_service.v1.model.GetLastOperationOptionsTest" time="0.002"/>
  <testcase name="testGetLastOperationOptionsError" classname="com.ibm.cloud.drautomation_sdk.dr_automation_service.v1.model.GetLastOperationOptionsTest" time="0.001"/>
  <testcase name="testMachineTypesByWorkspace" classname="com.ibm.cloud.drautomation_sdk.dr_automation_service.v1.model.MachineTypesByWorkspaceTest" time="0.001"/>
  <testcase name="testServiceInstanceManageDR" classname="com.ibm.cloud.drautomation_sdk.dr_automation_service.v1.model.ServiceInstanceManageDRTest" time="0.001"/>
  <testcase name="testDetailsDr" classname="com.ibm.cloud.drautomation_sdk.dr_automation_service.v1.model.DetailsDrTest" time="0.001"/>
  <testcase name="testGetManageDrOptions" classname="com.ibm.cloud.drautomation_sdk.dr_automation_service.v1.model.GetManageDrOptionsTest" time="0.001"/>
  <testcase name="testGetManageDrOptionsError" classname="com.ibm.cloud.drautomation_sdk.dr_automation_service.v1.model.GetManageDrOptionsTest" time="0.001"/>
  <testcase name="testUpdateApikeyOptions" classname="com.ibm.cloud.drautomation_sdk.dr_automation_service.v1.model.UpdateApikeyOptionsTest" time="0.001"/>
  <testcase name="testUpdateApikeyOptionsError" classname="com.ibm.cloud.drautomation_sdk.dr_automation_service.v1.model.UpdateApikeyOptionsTest" time="0.0"/>
  <testcase name="testGetDrLocationsResponse" classname="com.ibm.cloud.drautomation_sdk.dr_automation_service.v1.model.GetDrLocationsResponseTest" time="0.001"/>
  <testcase name="testGetPowervsWorkspacesForCustomVpcOptions" classname="com.ibm.cloud.drautomation_sdk.dr_automation_service.v1.model.GetPowervsWorkspacesForCustomVpcOptionsTest" time="0.001"/>
  <testcase name="testGetPowervsWorkspacesForCustomVpcOptionsError" classname="com.ibm.cloud.drautomation_sdk.dr_automation_service.v1.model.GetPowervsWorkspacesForCustomVpcOptionsTest" time="0.001"/>
  <testcase name="testDrData" classname="com.ibm.cloud.drautomation_sdk.dr_automation_service.v1.model.DrDataTest" time="0.001"/>
  <testcase name="testGetPvsworkspaceSchematicOptions" classname="com.ibm.cloud.drautomation_sdk.dr_automation_service.v1.model.GetPvsworkspaceSchematicOptionsTest" time="0.001"/>
  <testcase name="testGetPvsworkspaceSchematicOptionsError" classname="com.ibm.cloud.drautomation_sdk.dr_automation_service.v1.model.GetPvsworkspaceSchematicOptionsTest" time="0.0"/>
  <testcase name="testDRStandbyWorkspace" classname="com.ibm.cloud.drautomation_sdk.dr_automation_service.v1.model.DRStandbyWorkspaceTest" time="0.001"/>
  <testcase name="testGetPowervsWorkspacesOptions" classname="com.ibm.cloud.drautomation_sdk.dr_automation_service.v1.model.GetPowervsWorkspacesOptionsTest" time="0.001"/>
  <testcase name="testGetPowervsWorkspacesOptionsError" classname="com.ibm.cloud.drautomation_sdk.dr_automation_service.v1.model.GetPowervsWorkspacesOptionsTest" time="0.0"/>
  <testcase name="testValidationKeyResponse" classname="com.ibm.cloud.drautomation_sdk.dr_automation_service.v1.model.ValidationKeyResponseTest" time="0.001"/>
  <testcase name="testGetDrManagedVmOptions" classname="com.ibm.cloud.drautomation_sdk.dr_automation_service.v1.model.GetDrManagedVmOptionsTest" time="0.001"/>
  <testcase name="testGetDrManagedVmOptionsError" classname="com.ibm.cloud.drautomation_sdk.dr_automation_service.v1.model.GetDrManagedVmOptionsTest" time="0.0"/>
  <testcase name="testGetDrLocationsOptions" classname="com.ibm.cloud.drautomation_sdk.dr_automation_service.v1.model.GetDrLocationsOptionsTest" time="0.001"/>
  <testcase name="testGetDrLocationsOptionsError" classname="com.ibm.cloud.drautomation_sdk.dr_automation_service.v1.model.GetDrLocationsOptionsTest" time="0.0"/>
  <testcase name="testDRWorkspace" classname="com.ibm.cloud.drautomation_sdk.dr_automation_service.v1.model.DRWorkspaceTest" time="0.0"/>
  <testcase name="testGetDrSummaryOptions" classname="com.ibm.cloud.drautomation_sdk.dr_automation_service.v1.model.GetDrSummaryOptionsTest" time="0.001"/>
  <testcase name="testGetDrSummaryOptionsError" classname="com.ibm.cloud.drautomation_sdk.dr_automation_service.v1.model.GetDrSummaryOptionsTest" time="0.001"/>
  <testcase name="testEventCollection" classname="com.ibm.cloud.drautomation_sdk.dr_automation_service.v1.model.EventCollectionTest" time="0.001"/>
  <testcase name="testEvent" classname="com.ibm.cloud.drautomation_sdk.dr_automation_service.v1.model.EventTest" time="0.0"/>
  <testcase name="testServiceDetails" classname="com.ibm.cloud.drautomation_sdk.dr_automation_service.v1.model.ServiceDetailsTest" time="0.001"/>
  <testcase name="testListEventsOptions" classname="com.ibm.cloud.drautomation_sdk.dr_automation_service.v1.model.ListEventsOptionsTest" time="0.002"/>
  <testcase name="testListEventsOptionsError" classname="com.ibm.cloud.drautomation_sdk.dr_automation_service.v1.model.ListEventsOptionsTest" time="0.0"/>
  <testcase name="testConstructorWithNullAuthenticator" classname="com.ibm.cloud.drautomation_sdk.dr_automation_service.v1.DrAutomationServiceTest" time="0.001"/>
  <testcase name="testCreateManageDrNoOptions" classname="com.ibm.cloud.drautomation_sdk.dr_automation_service.v1.DrAutomationServiceTest" time="0.0"/>
  <testcase name="testCreateManageDrWOptions" classname="com.ibm.cloud.drautomation_sdk.dr_automation_service.v1.DrAutomationServiceTest" time="0.222"/>
  <testcase name="testCreateManageDrWRetries" classname="com.ibm.cloud.drautomation_sdk.dr_automation_service.v1.DrAutomationServiceTest" time="0.052"/>
  <testcase name="testGetDrGrsLocationPairNoOptions" classname="com.ibm.cloud.drautomation_sdk.dr_automation_service.v1.DrAutomationServiceTest" time="0.0"/>
  <testcase name="testGetDrGrsLocationPairWOptions" classname="com.ibm.cloud.drautomation_sdk.dr_automation_service.v1.DrAutomationServiceTest" time="0.009"/>
  <testcase name="testGetDrGrsLocationPairWRetries" classname="com.ibm.cloud.drautomation_sdk.dr_automation_service.v1.DrAutomationServiceTest" time="0.049"/>
  <testcase name="testGetDrLocationsNoOptions" classname="com.ibm.cloud.drautomation_sdk.dr_automation_service.v1.DrAutomationServiceTest" time="0.001"/>
  <testcase name="testGetDrLocationsWOptions" classname="com.ibm.cloud.drautomation_sdk.dr_automation_service.v1.DrAutomationServiceTest" time="0.008"/>
  <testcase name="testGetDrLocationsWRetries" classname="com.ibm.cloud.drautomation_sdk.dr_automation_service.v1.DrAutomationServiceTest" time="0.047"/>
  <testcase name="testGetDrManagedVmNoOptions" classname="com.ibm.cloud.drautomation_sdk.dr_automation_service.v1.DrAutomationServiceTest" time="0.0"/>
  <testcase name="testGetDrManagedVmWOptions" classname="com.ibm.cloud.drautomation_sdk.dr_automation_service.v1.DrAutomationServiceTest" time="0.006"/>
  <testcase name="testGetDrManagedVmWRetries" classname="com.ibm.cloud.drautomation_sdk.dr_automation_service.v1.DrAutomationServiceTest" time="0.046"/>
  <testcase name="testGetDrSummaryNoOptions" classname="com.ibm.cloud.drautomation_sdk.dr_automation_service.v1.DrAutomationServiceTest" time="0.0"/>
  <testcase name="testGetDrSummaryWOptions" classname="com.ibm.cloud.drautomation_sdk.dr_automation_service.v1.DrAutomationServiceTest" time="0.017"/>
  <testcase name="testGetDrSummaryWRetries" classname="com.ibm.cloud.drautomation_sdk.dr_automation_service.v1.DrAutomationServiceTest" time="0.048"/>
  <testcase name="testGetEventNoOptions" classname="com.ibm.cloud.drautomation_sdk.dr_automation_service.v1.DrAutomationServiceTest" time="0.0"/>
  <testcase name="testGetEventWOptions" classname="com.ibm.cloud.drautomation_sdk.dr_automation_service.v1.DrAutomationServiceTest" time="0.006"/>
  <testcase name="testGetEventWRetries" classname="com.ibm.cloud.drautomation_sdk.dr_automation_service.v1.DrAutomationServiceTest" time="0.047"/>
  <testcase name="testGetLastOperationNoOptions" classname="com.ibm.cloud.drautomation_sdk.dr_automation_service.v1.DrAutomationServiceTest" time="0.001"/>
  <testcase name="testGetLastOperationWOptions" classname="com.ibm.cloud.drautomation_sdk.dr_automation_service.v1.DrAutomationServiceTest" time="0.005"/>
  <testcase name="testGetLastOperationWRetries" classname="com.ibm.cloud.drautomation_sdk.dr_automation_service.v1.DrAutomationServiceTest" time="0.049"/>
  <testcase name="testGetMachineTypeNoOptions" classname="com.ibm.cloud.drautomation_sdk.dr_automation_service.v1.DrAutomationServiceTest" time="0.0"/>
  <testcase name="testGetMachineTypeWOptions" classname="com.ibm.cloud.drautomation_sdk.dr_automation_service.v1.DrAutomationServiceTest" time="0.005"/>
  <testcase name="testGetMachineTypeWRetries" classname="com.ibm.cloud.drautomation_sdk.dr_automation_service.v1.DrAutomationServiceTest" time="0.047"/>
  <testcase name="testGetPowervsWorkspacesNoOptions" classname="com.ibm.cloud.drautomation_sdk.dr_automation_service.v1.DrAutomationServiceTest" time="0.0"/>
  <testcase name="testGetPowervsWorkspacesWOptions" classname="com.ibm.cloud.drautomation_sdk.dr_automation_service.v1.DrAutomationServiceTest" time="0.006"/>
  <testcase name="testGetPowervsWorkspacesWRetries" classname="com.ibm.cloud.drautomation_sdk.dr_automation_service.v1.DrAutomationServiceTest" time="0.045"/>
  <testcase name="testListEventsNoOptions" classname="com.ibm.cloud.drautomation_sdk.dr_automation_service.v1.DrAutomationServiceTest" time="0.0"/>
  <testcase name="testListEventsWOptions" classname="com.ibm.cloud.drautomation_sdk.dr_automation_service.v1.DrAutomationServiceTest" time="0.005"/>
  <testcase name="testListEventsWRetries" classname="com.ibm.cloud.drautomation_sdk.dr_automation_service.v1.DrAutomationServiceTest" time="0.047"/>
  <testcase name="testUpdateApikeyNoOptions" classname="com.ibm.cloud.drautomation_sdk.dr_automation_service.v1.DrAutomationServiceTest" time="0.0"/>
  <testcase name="testUpdateApikeyWOptions" classname="com.ibm.cloud.drautomation_sdk.dr_automation_service.v1.DrAutomationServiceTest" time="0.003"/>
  <testcase name="testUpdateApikeyWRetries" classname="com.ibm.cloud.drautomation_sdk.dr_automation_service.v1.DrAutomationServiceTest" time="0.045"/>
</testsuite>