<?xml version="1.0" encoding="UTF-8"?>
<!-- Generated by org.testng.reporters.JUnitReportReporter -->
<testsuite hostname="dra-sb.pok.stglabs.ibm.com" failures="0" tests="1" name="com.ibm.cloud.drautomation_sdk.dr_automation_service.v1.model.GetGRSLocationPairResponseTest" time="0.001" errors="0" timestamp="2025-12-05T06:46:15 EST" skipped="0">
  <testcase classname="com.ibm.cloud.drautomation_sdk.dr_automation_service.v1.model.GetGRSLocationPairResponseTest" name="testGetGRSLocationPairResponse" time="0.001"/>
</testsuite> <!-- com.ibm.cloud.drautomation_sdk.dr_automation_service.v1.model.GetGRSLocationPairResponseTest -->
