<?xml version="1.0" encoding="UTF-8"?>
<!-- Generated by org.testng.reporters.JUnitReportReporter -->
<testsuite hostname="dra-sb.pok.stglabs.ibm.com" failures="0" tests="34" name="com.ibm.cloud.drautomation_sdk.dr_automation_service.v1.DrAutomationServiceTest" time="1.403" errors="0" timestamp="2025-12-05T06:46:15 EST" skipped="0">
  <testcase classname="com.ibm.cloud.drautomation_sdk.dr_automation_service.v1.DrAutomationServiceTest" name="testGetDrGrsLocationPairNoOptions" time="0.002"/>
  <testcase classname="com.ibm.cloud.drautomation_sdk.dr_automation_service.v1.DrAutomationServiceTest" name="testGetPowervsWorkspacesWOptions" time="0.531"/>
  <testcase classname="com.ibm.cloud.drautomation_sdk.dr_automation_service.v1.DrAutomationServiceTest" name="testGetDrLocationsWOptions" time="0.009"/>
  <testcase classname="com.ibm.cloud.drautomation_sdk.dr_automation_service.v1.DrAutomationServiceTest" name="testGetMachineTypeNoOptions" time="0.002"/>
  <testcase classname="com.ibm.cloud.drautomation_sdk.dr_automation_service.v1.DrAutomationServiceTest" name="testGetDrManagedVmWRetries" time="0.047"/>
  <testcase classname="com.ibm.cloud.drautomation_sdk.dr_automation_service.v1.DrAutomationServiceTest" name="testGetMachineTypeWOptions" time="0.006"/>
  <testcase classname="com.ibm.cloud.drautomation_sdk.dr_automation_service.v1.DrAutomationServiceTest" name="testGetMachineTypeWRetries" time="0.049"/>
  <testcase classname="com.ibm.cloud.drautomation_sdk.dr_automation_service.v1.DrAutomationServiceTest" name="testGetPowervsWorkspacesWRetries" time="0.051"/>
  <testcase classname="com.ibm.cloud.drautomation_sdk.dr_automation_service.v1.DrAutomationServiceTest" name="testListEventsWOptions" time="0.007"/>
  <testcase classname="com.ibm.cloud.drautomation_sdk.dr_automation_service.v1.DrAutomationServiceTest" name="testGetDrGrsLocationPairWOptions" time="0.010"/>
  <testcase classname="com.ibm.cloud.drautomation_sdk.dr_automation_service.v1.DrAutomationServiceTest" name="testCreateManageDrWOptions" time="0.225"/>
  <testcase classname="com.ibm.cloud.drautomation_sdk.dr_automation_service.v1.DrAutomationServiceTest" name="testGetDrLocationsWRetries" time="0.049"/>
  <testcase classname="com.ibm.cloud.drautomation_sdk.dr_automation_service.v1.DrAutomationServiceTest" name="testGetDrSummaryWOptions" time="0.021"/>
  <testcase classname="com.ibm.cloud.drautomation_sdk.dr_automation_service.v1.DrAutomationServiceTest" name="testGetDrSummaryNoOptions" time="0.002"/>
  <testcase classname="com.ibm.cloud.drautomation_sdk.dr_automation_service.v1.DrAutomationServiceTest" name="testGetEventWOptions" time="0.009"/>
  <testcase classname="com.ibm.cloud.drautomation_sdk.dr_automation_service.v1.DrAutomationServiceTest" name="testGetPowervsWorkspacesNoOptions" time="0.002"/>
  <testcase classname="com.ibm.cloud.drautomation_sdk.dr_automation_service.v1.DrAutomationServiceTest" name="testConstructorWithNullAuthenticator" time="0.002"/>
  <testcase classname="com.ibm.cloud.drautomation_sdk.dr_automation_service.v1.DrAutomationServiceTest" name="testCreateManageDrWRetries" time="0.054"/>
  <testcase classname="com.ibm.cloud.drautomation_sdk.dr_automation_service.v1.DrAutomationServiceTest" name="testListEventsNoOptions" time="0.000"/>
  <testcase classname="com.ibm.cloud.drautomation_sdk.dr_automation_service.v1.DrAutomationServiceTest" name="testGetDrManagedVmWOptions" time="0.006"/>
  <testcase classname="com.ibm.cloud.drautomation_sdk.dr_automation_service.v1.DrAutomationServiceTest" name="testGetLastOperationWOptions" time="0.008"/>
  <testcase classname="com.ibm.cloud.drautomation_sdk.dr_automation_service.v1.DrAutomationServiceTest" name="testUpdateApikeyWRetries" time="0.047"/>
  <testcase classname="com.ibm.cloud.drautomation_sdk.dr_automation_service.v1.DrAutomationServiceTest" name="testCreateManageDrNoOptions" time="0.004"/>
  <testcase classname="com.ibm.cloud.drautomation_sdk.dr_automation_service.v1.DrAutomationServiceTest" name="testUpdateApikeyNoOptions" time="0.002"/>
  <testcase classname="com.ibm.cloud.drautomation_sdk.dr_automation_service.v1.DrAutomationServiceTest" name="testGetDrGrsLocationPairWRetries" time="0.052"/>
  <testcase classname="com.ibm.cloud.drautomation_sdk.dr_automation_service.v1.DrAutomationServiceTest" name="testGetDrManagedVmNoOptions" time="0.002"/>
  <testcase classname="com.ibm.cloud.drautomation_sdk.dr_automation_service.v1.DrAutomationServiceTest" name="testGetEventNoOptions" time="0.002"/>
  <testcase classname="com.ibm.cloud.drautomation_sdk.dr_automation_service.v1.DrAutomationServiceTest" name="testGetDrSummaryWRetries" time="0.049"/>
  <testcase classname="com.ibm.cloud.drautomation_sdk.dr_automation_service.v1.DrAutomationServiceTest" name="testUpdateApikeyWOptions" time="0.005"/>
  <testcase classname="com.ibm.cloud.drautomation_sdk.dr_automation_service.v1.DrAutomationServiceTest" name="testGetLastOperationWRetries" time="0.049"/>
  <testcase classname="com.ibm.cloud.drautomation_sdk.dr_automation_service.v1.DrAutomationServiceTest" name="testGetDrLocationsNoOptions" time="0.001"/>
  <testcase classname="com.ibm.cloud.drautomation_sdk.dr_automation_service.v1.DrAutomationServiceTest" name="testListEventsWRetries" time="0.047"/>
  <testcase classname="com.ibm.cloud.drautomation_sdk.dr_automation_service.v1.DrAutomationServiceTest" name="testGetEventWRetries" time="0.048"/>
  <testcase classname="com.ibm.cloud.drautomation_sdk.dr_automation_service.v1.DrAutomationServiceTest" name="testGetLastOperationNoOptions" time="0.003"/>
</testsuite> <!-- com.ibm.cloud.drautomation_sdk.dr_automation_service.v1.DrAutomationServiceTest -->
