<?xml version="1.0" encoding="UTF-8"?>
<!-- Generated by org.testng.reporters.JUnitReportReporter -->
<testsuite hostname="dra-sb.pok.stglabs.ibm.com" failures="0" tests="2" name="com.ibm.cloud.drautomation_sdk.dr_automation_service.v1.model.ListEventsOptionsTest" time="0.001" errors="0" timestamp="2025-12-05T06:46:15 EST" skipped="0">
  <testcase classname="com.ibm.cloud.drautomation_sdk.dr_automation_service.v1.model.ListEventsOptionsTest" name="testListEventsOptions" time="0.001"/>
  <testcase classname="com.ibm.cloud.drautomation_sdk.dr_automation_service.v1.model.ListEventsOptionsTest" name="testListEventsOptionsError" time="0.000"/>
</testsuite> <!-- com.ibm.cloud.drautomation_sdk.dr_automation_service.v1.model.ListEventsOptionsTest -->
